[2020-02-22 05:26:15] local.ERROR: Undefined index: booking_condition (View: /media/piyal/Project Lab/workplace/Laravel auth/hilltourismfullandfinal/hilltourismbd_2.1/resources/views/mail/hotel-invoice.blade.php) {"userId":8,"exception":"[object] (Facade\\Ignition\\Exceptions\\ViewException(code: 0): Undefined index: booking_condition (View: /media/piyal/Project Lab/workplace/Laravel auth/hilltourismfullandfinal/hilltourismbd_2.1/resources/views/mail/hotel-invoice.blade.php) at /media/piyal/Project Lab/workplace/Laravel auth/hilltourismfullandfinal/hilltourismbd_2.1/resources/views/mail/hotel-invoice.blade.php:338)
[stacktrace]
#0 /media/piyal/Project Lab/workplace/Laravel auth/hilltourismfullandfinal/hilltourismbd_2.1/resources/views/mail/hotel-invoice.blade.php(338): Illuminate\\Foundation\\Bootstrap\\HandleExceptions->handleError(8, 'Undefined index...', '/media/piyal/Pr...', 354, Array)
#1 /media/piyal/Project Lab/workplace/Laravel auth/hilltourismfullandfinal/hilltourismbd_2.1/vendor/laravel/framework/src/Illuminate/View/Engines/PhpEngine.php(43): include('/media/piyal/Pr...')
#2 /media/piyal/Project Lab/workplace/Laravel auth/hilltourismfullandfinal/hilltourismbd_2.1/vendor/laravel/framework/src/Illuminate/View/Engines/CompilerEngine.php(59): Illuminate\\View\\Engines\\PhpEngine->evaluatePath('/media/piyal/Pr...', Array)
#3 /media/piyal/Project Lab/workplace/Laravel auth/hilltourismfullandfinal/hilltourismbd_2.1/vendor/facade/ignition/src/Views/Engines/CompilerEngine.php(36): Illuminate\\View\\Engines\\CompilerEngine->get('/media/piyal/Pr...', Array)
#4 /media/piyal/Project Lab/workplace/Laravel auth/hilltourismfullandfinal/hilltourismbd_2.1/vendor/laravel/framework/src/Illuminate/View/View.php(143): Facade\\Ignition\\Views\\Engines\\CompilerEngine->get('/media/piyal/Pr...', Array)
#5 /media/piyal/Project Lab/workplace/Laravel auth/hilltourismfullandfinal/hilltourismbd_2.1/vendor/laravel/framework/src/Illuminate/View/View.php(126): Illuminate\\View\\View->getContents()
#6 /media/piyal/Project Lab/workplace/Laravel auth/hilltourismfullandfinal/hilltourismbd_2.1/vendor/laravel/framework/src/Illuminate/View/View.php(91): Illuminate\\View\\View->renderContents()
#7 /media/piyal/Project Lab/workplace/Laravel auth/hilltourismfullandfinal/hilltourismbd_2.1/vendor/barryvdh/laravel-dompdf/src/PDF.php(119): Illuminate\\View\\View->render()
#8 /media/piyal/Project Lab/workplace/Laravel auth/hilltourismfullandfinal/hilltourismbd_2.1/vendor/barryvdh/laravel-dompdf/src/Facade.php(31): Barryvdh\\DomPDF\\PDF->loadView('mail.hotel-invo...', Array)
#9 /media/piyal/Project Lab/workplace/Laravel auth/hilltourismfullandfinal/hilltourismbd_2.1/app/CustomDir/InvoiceGenerator.php(10): Barryvdh\\DomPDF\\Facade::__callStatic('loadView', Array)
#10 /media/piyal/Project Lab/workplace/Laravel auth/hilltourismfullandfinal/hilltourismbd_2.1/app/Http/Controllers/HotelBookingController/HotelBookByReceiptionist.php(424): App\\CustomDir\\InvoiceGenerator::getHotelpdfInvoice(Array)
#11 [internal function]: App\\Http\\Controllers\\HotelBookingController\\HotelBookByReceiptionist->roomreservedcomfirm(Object(Illuminate\\Http\\Request))
#12 /media/piyal/Project Lab/workplace/Laravel auth/hilltourismfullandfinal/hilltourismbd_2.1/vendor/laravel/framework/src/Illuminate/Routing/Controller.php(54): call_user_func_array(Array, Array)
#13 /media/piyal/Project Lab/workplace/Laravel auth/hilltourismfullandfinal/hilltourismbd_2.1/vendor/laravel/framework/src/Illuminate/Routing/ControllerDispatcher.php(45): Illuminate\\Routing\\Controller->callAction('roomreservedcom...', Array)
#14 /media/piyal/Project Lab/workplace/Laravel auth/hilltourismfullandfinal/hilltourismbd_2.1/vendor/laravel/framework/src/Illuminate/Routing/Route.php(219): Illuminate\\Routing\\ControllerDispatcher->dispatch(Object(Illuminate\\Routing\\Route), Object(App\\Http\\Controllers\\HotelBookingController\\HotelBookByReceiptionist), 'roomreservedcom...')
#15 /media/piyal/Project Lab/workplace/Laravel auth/hilltourismfullandfinal/hilltourismbd_2.1/vendor/laravel/framework/src/Illuminate/Routing/Route.php(176): Illuminate\\Routing\\Route->runController()
#16 /media/piyal/Project Lab/workplace/Laravel auth/hilltourismfullandfinal/hilltourismbd_2.1/vendor/laravel/framework/src/Illuminate/Routing/Router.php(681): Illuminate\\Routing\\Route->run()
#17 /media/piyal/Project Lab/workplace/Laravel auth/hilltourismfullandfinal/hilltourismbd_2.1/vendor/laravel/framework/src/Illuminate/Pipeline/Pipeline.php(130): Illuminate\\Routing\\Router->Illuminate\\Routing\\{closure}(Object(Illuminate\\Http\\Request))
#18 /media/piyal/Project Lab/workplace/Laravel auth/hilltourismfullandfinal/hilltourismbd_2.1/vendor/renatomarinho/laravel-page-speed/src/Middleware/PageSpeed.php(28): Illuminate\\Pipeline\\Pipeline->Illuminate\\Pipeline\\{closure}(Object(Illuminate\\Http\\Request))
#19 /media/piyal/Project Lab/workplace/Laravel auth/hilltourismfullandfinal/hilltourismbd_2.1/vendor/laravel/framework/src/Illuminate/Pipeline/Pipeline.php(171): RenatoMarinho\\LaravelPageSpeed\\Middleware\\PageSpeed->handle(Object(Illuminate\\Http\\Request), Object(Closure))
#20 /media/piyal/Project Lab/workplace/Laravel auth/hilltourismfullandfinal/hilltourismbd_2.1/vendor/renatomarinho/laravel-page-speed/src/Middleware/PageSpeed.php(28): Illuminate\\Pipeline\\Pipeline->Illuminate\\Pipeline\\{closure}(Object(Illuminate\\Http\\Request))
#21 /media/piyal/Project Lab/workplace/Laravel auth/hilltourismfullandfinal/hilltourismbd_2.1/vendor/laravel/framework/src/Illuminate/Pipeline/Pipeline.php(171): RenatoMarinho\\LaravelPageSpeed\\Middleware\\PageSpeed->handle(Object(Illuminate\\Http\\Request), Object(Closure))
#22 /media/piyal/Project Lab/workplace/Laravel auth/hilltourismfullandfinal/hilltourismbd_2.1/vendor/renatomarinho/laravel-page-speed/src/Middleware/PageSpeed.php(28): Illuminate\\Pipeline\\Pipeline->Illuminate\\Pipeline\\{closure}(Object(Illuminate\\Http\\Request))
#23 /media/piyal/Project Lab/workplace/Laravel auth/hilltourismfullandfinal/hilltourismbd_2.1/vendor/laravel/framework/src/Illuminate/Pipeline/Pipeline.php(171): RenatoMarinho\\LaravelPageSpeed\\Middleware\\PageSpeed->handle(Object(Illuminate\\Http\\Request), Object(Closure))
#24 /media/piyal/Project Lab/workplace/Laravel auth/hilltourismfullandfinal/hilltourismbd_2.1/vendor/renatomarinho/laravel-page-speed/src/Middleware/PageSpeed.php(28): Illuminate\\Pipeline\\Pipeline->Illuminate\\Pipeline\\{closure}(Object(Illuminate\\Http\\Request))
#25 /media/piyal/Project Lab/workplace/Laravel auth/hilltourismfullandfinal/hilltourismbd_2.1/vendor/laravel/framework/src/Illuminate/Pipeline/Pipeline.php(171): RenatoMarinho\\LaravelPageSpeed\\Middleware\\PageSpeed->handle(Object(Illuminate\\Http\\Request), Object(Closure))
#26 /media/piyal/Project Lab/workplace/Laravel auth/hilltourismfullandfinal/hilltourismbd_2.1/vendor/renatomarinho/laravel-page-speed/src/Middleware/PageSpeed.php(28): Illuminate\\Pipeline\\Pipeline->Illuminate\\Pipeline\\{closure}(Object(Illuminate\\Http\\Request))
#27 /media/piyal/Project Lab/workplace/Laravel auth/hilltourismfullandfinal/hilltourismbd_2.1/vendor/laravel/framework/src/Illuminate/Pipeline/Pipeline.php(171): RenatoMarinho\\LaravelPageSpeed\\Middleware\\PageSpeed->handle(Object(Illuminate\\Http\\Request), Object(Closure))
#28 /media/piyal/Project Lab/workplace/Laravel auth/hilltourismfullandfinal/hilltourismbd_2.1/vendor/renatomarinho/laravel-page-speed/src/Middleware/PageSpeed.php(28): Illuminate\\Pipeline\\Pipeline->Illuminate\\Pipeline\\{closure}(Object(Illuminate\\Http\\Request))
#29 /media/piyal/Project Lab/workplace/Laravel auth/hilltourismfullandfinal/hilltourismbd_2.1/vendor/laravel/framework/src/Illuminate/Pipeline/Pipeline.php(171): RenatoMarinho\\LaravelPageSpeed\\Middleware\\PageSpeed->handle(Object(Illuminate\\Http\\Request), Object(Closure))
#30 /media/piyal/Project Lab/workplace/Laravel auth/hilltourismfullandfinal/hilltourismbd_2.1/vendor/renatomarinho/laravel-page-speed/src/Middleware/PageSpeed.php(28): Illuminate\\Pipeline\\Pipeline->Illuminate\\Pipeline\\{closure}(Object(Illuminate\\Http\\Request))
#31 /media/piyal/Project Lab/workplace/Laravel auth/hilltourismfullandfinal/hilltourismbd_2.1/vendor/laravel/framework/src/Illuminate/Pipeline/Pipeline.php(171): RenatoMarinho\\LaravelPageSpeed\\Middleware\\PageSpeed->handle(Object(Illuminate\\Http\\Request), Object(Closure))
#32 /media/piyal/Project Lab/workplace/Laravel auth/hilltourismfullandfinal/hilltourismbd_2.1/vendor/laravel/framework/src/Illuminate/Routing/Middleware/SubstituteBindings.php(41): Illuminate\\Pipeline\\Pipeline->Illuminate\\Pipeline\\{closure}(Object(Illuminate\\Http\\Request))
#33 /media/piyal/Project Lab/workplace/Laravel auth/hilltourismfullandfinal/hilltourismbd_2.1/vendor/laravel/framework/src/Illuminate/Pipeline/Pipeline.php(171): Illuminate\\Routing\\Middleware\\SubstituteBindings->handle(Object(Illuminate\\Http\\Request), Object(Closure))
#34 /media/piyal/Project Lab/workplace/Laravel auth/hilltourismfullandfinal/hilltourismbd_2.1/vendor/laravel/framework/src/Illuminate/Auth/Middleware/Authenticate.php(43): Illuminate\\Pipeline\\Pipeline->Illuminate\\Pipeline\\{closure}(Object(Illuminate\\Http\\Request))
#35 /media/piyal/Project Lab/workplace/Laravel auth/hilltourismfullandfinal/hilltourismbd_2.1/vendor/laravel/framework/src/Illuminate/Pipeline/Pipeline.php(171): Illuminate\\Auth\\Middleware\\Authenticate->handle(Object(Illuminate\\Http\\Request), Object(Closure), 'web')
#36 /media/piyal/Project Lab/workplace/Laravel auth/hilltourismfullandfinal/hilltourismbd_2.1/vendor/laravel/framework/src/Illuminate/Foundation/Http/Middleware/VerifyCsrfToken.php(76): Illuminate\\Pipeline\\Pipeline->Illuminate\\Pipeline\\{closure}(Object(Illuminate\\Http\\Request))
#37 /media/piyal/Project Lab/workplace/Laravel auth/hilltourismfullandfinal/hilltourismbd_2.1/vendor/laravel/framework/src/Illuminate/Pipeline/Pipeline.php(171): Illuminate\\Foundation\\Http\\Middleware\\VerifyCsrfToken->handle(Object(Illuminate\\Http\\Request), Object(Closure))
#38 /media/piyal/Project Lab/workplace/Laravel auth/hilltourismfullandfinal/hilltourismbd_2.1/vendor/laravel/framework/src/Illuminate/View/Middleware/ShareErrorsFromSession.php(49): Illuminate\\Pipeline\\Pipeline->Illuminate\\Pipeline\\{closure}(Object(Illuminate\\Http\\Request))
#39 /media/piyal/Project Lab/workplace/Laravel auth/hilltourismfullandfinal/hilltourismbd_2.1/vendor/laravel/framework/src/Illuminate/Pipeline/Pipeline.php(171): Illuminate\\View\\Middleware\\ShareErrorsFromSession->handle(Object(Illuminate\\Http\\Request), Object(Closure))
#40 /media/piyal/Project Lab/workplace/Laravel auth/hilltourismfullandfinal/hilltourismbd_2.1/vendor/laravel/framework/src/Illuminate/Session/Middleware/StartSession.php(56): Illuminate\\Pipeline\\Pipeline->Illuminate\\Pipeline\\{closure}(Object(Illuminate\\Http\\Request))
#41 /media/piyal/Project Lab/workplace/Laravel auth/hilltourismfullandfinal/hilltourismbd_2.1/vendor/laravel/framework/src/Illuminate/Pipeline/Pipeline.php(171): Illuminate\\Session\\Middleware\\StartSession->handle(Object(Illuminate\\Http\\Request), Object(Closure))
#42 /media/piyal/Project Lab/workplace/Laravel auth/hilltourismfullandfinal/hilltourismbd_2.1/vendor/laravel/framework/src/Illuminate/Cookie/Middleware/AddQueuedCookiesToResponse.php(37): Illuminate\\Pipeline\\Pipeline->Illuminate\\Pipeline\\{closure}(Object(Illuminate\\Http\\Request))
#43 /media/piyal/Project Lab/workplace/Laravel auth/hilltourismfullandfinal/hilltourismbd_2.1/vendor/laravel/framework/src/Illuminate/Pipeline/Pipeline.php(171): Illuminate\\Cookie\\Middleware\\AddQueuedCookiesToResponse->handle(Object(Illuminate\\Http\\Request), Object(Closure))
#44 /media/piyal/Project Lab/workplace/Laravel auth/hilltourismfullandfinal/hilltourismbd_2.1/vendor/laravel/framework/src/Illuminate/Cookie/Middleware/EncryptCookies.php(66): Illuminate\\Pipeline\\Pipeline->Illuminate\\Pipeline\\{closure}(Object(Illuminate\\Http\\Request))
#45 /media/piyal/Project Lab/workplace/Laravel auth/hilltourismfullandfinal/hilltourismbd_2.1/vendor/laravel/framework/src/Illuminate/Pipeline/Pipeline.php(171): Illuminate\\Cookie\\Middleware\\EncryptCookies->handle(Object(Illuminate\\Http\\Request), Object(Closure))
#46 /media/piyal/Project Lab/workplace/Laravel auth/hilltourismfullandfinal/hilltourismbd_2.1/vendor/laravel/framework/src/Illuminate/Pipeline/Pipeline.php(105): Illuminate\\Pipeline\\Pipeline->Illuminate\\Pipeline\\{closure}(Object(Illuminate\\Http\\Request))
#47 /media/piyal/Project Lab/workplace/Laravel auth/hilltourismfullandfinal/hilltourismbd_2.1/vendor/laravel/framework/src/Illuminate/Routing/Router.php(683): Illuminate\\Pipeline\\Pipeline->then(Object(Closure))
#48 /media/piyal/Project Lab/workplace/Laravel auth/hilltourismfullandfinal/hilltourismbd_2.1/vendor/laravel/framework/src/Illuminate/Routing/Router.php(658): Illuminate\\Routing\\Router->runRouteWithinStack(Object(Illuminate\\Routing\\Route), Object(Illuminate\\Http\\Request))
#49 /media/piyal/Project Lab/workplace/Laravel auth/hilltourismfullandfinal/hilltourismbd_2.1/vendor/laravel/framework/src/Illuminate/Routing/Router.php(624): Illuminate\\Routing\\Router->runRoute(Object(Illuminate\\Http\\Request), Object(Illuminate\\Routing\\Route))
#50 /media/piyal/Project Lab/workplace/Laravel auth/hilltourismfullandfinal/hilltourismbd_2.1/vendor/laravel/framework/src/Illuminate/Routing/Router.php(613): Illuminate\\Routing\\Router->dispatchToRoute(Object(Illuminate\\Http\\Request))
#51 /media/piyal/Project Lab/workplace/Laravel auth/hilltourismfullandfinal/hilltourismbd_2.1/vendor/laravel/framework/src/Illuminate/Foundation/Http/Kernel.php(170): Illuminate\\Routing\\Router->dispatch(Object(Illuminate\\Http\\Request))
#52 /media/piyal/Project Lab/workplace/Laravel auth/hilltourismfullandfinal/hilltourismbd_2.1/vendor/laravel/framework/src/Illuminate/Pipeline/Pipeline.php(130): Illuminate\\Foundation\\Http\\Kernel->Illuminate\\Foundation\\Http\\{closure}(Object(Illuminate\\Http\\Request))
#53 /media/piyal/Project Lab/workplace/Laravel auth/hilltourismfullandfinal/hilltourismbd_2.1/vendor/laravel/framework/src/Illuminate/Foundation/Http/Middleware/TransformsRequest.php(21): Illuminate\\Pipeline\\Pipeline->Illuminate\\Pipeline\\{closure}(Object(Illuminate\\Http\\Request))
#54 /media/piyal/Project Lab/workplace/Laravel auth/hilltourismfullandfinal/hilltourismbd_2.1/vendor/laravel/framework/src/Illuminate/Pipeline/Pipeline.php(171): Illuminate\\Foundation\\Http\\Middleware\\TransformsRequest->handle(Object(Illuminate\\Http\\Request), Object(Closure))
#55 /media/piyal/Project Lab/workplace/Laravel auth/hilltourismfullandfinal/hilltourismbd_2.1/vendor/laravel/framework/src/Illuminate/Foundation/Http/Middleware/TransformsRequest.php(21): Illuminate\\Pipeline\\Pipeline->Illuminate\\Pipeline\\{closure}(Object(Illuminate\\Http\\Request))
#56 /media/piyal/Project Lab/workplace/Laravel auth/hilltourismfullandfinal/hilltourismbd_2.1/vendor/laravel/framework/src/Illuminate/Pipeline/Pipeline.php(171): Illuminate\\Foundation\\Http\\Middleware\\TransformsRequest->handle(Object(Illuminate\\Http\\Request), Object(Closure))
#57 /media/piyal/Project Lab/workplace/Laravel auth/hilltourismfullandfinal/hilltourismbd_2.1/vendor/laravel/framework/src/Illuminate/Foundation/Http/Middleware/ValidatePostSize.php(27): Illuminate\\Pipeline\\Pipeline->Illuminate\\Pipeline\\{closure}(Object(Illuminate\\Http\\Request))
#58 /media/piyal/Project Lab/workplace/Laravel auth/hilltourismfullandfinal/hilltourismbd_2.1/vendor/laravel/framework/src/Illuminate/Pipeline/Pipeline.php(171): Illuminate\\Foundation\\Http\\Middleware\\ValidatePostSize->handle(Object(Illuminate\\Http\\Request), Object(Closure))
#59 /media/piyal/Project Lab/workplace/Laravel auth/hilltourismfullandfinal/hilltourismbd_2.1/vendor/laravel/framework/src/Illuminate/Foundation/Http/Middleware/CheckForMaintenanceMode.php(63): Illuminate\\Pipeline\\Pipeline->Illuminate\\Pipeline\\{closure}(Object(Illuminate\\Http\\Request))
#60 /media/piyal/Project Lab/workplace/Laravel auth/hilltourismfullandfinal/hilltourismbd_2.1/vendor/laravel/framework/src/Illuminate/Pipeline/Pipeline.php(171): Illuminate\\Foundation\\Http\\Middleware\\CheckForMaintenanceMode->handle(Object(Illuminate\\Http\\Request), Object(Closure))
#61 /media/piyal/Project Lab/workplace/Laravel auth/hilltourismfullandfinal/hilltourismbd_2.1/vendor/fideloper/proxy/src/TrustProxies.php(57): Illuminate\\Pipeline\\Pipeline->Illuminate\\Pipeline\\{closure}(Object(Illuminate\\Http\\Request))
#62 /media/piyal/Project Lab/workplace/Laravel auth/hilltourismfullandfinal/hilltourismbd_2.1/vendor/laravel/framework/src/Illuminate/Pipeline/Pipeline.php(171): Fideloper\\Proxy\\TrustProxies->handle(Object(Illuminate\\Http\\Request), Object(Closure))
#63 /media/piyal/Project Lab/workplace/Laravel auth/hilltourismfullandfinal/hilltourismbd_2.1/vendor/laravel/framework/src/Illuminate/Pipeline/Pipeline.php(105): Illuminate\\Pipeline\\Pipeline->Illuminate\\Pipeline\\{closure}(Object(Illuminate\\Http\\Request))
#64 /media/piyal/Project Lab/workplace/Laravel auth/hilltourismfullandfinal/hilltourismbd_2.1/vendor/laravel/framework/src/Illuminate/Foundation/Http/Kernel.php(145): Illuminate\\Pipeline\\Pipeline->then(Object(Closure))
#65 /media/piyal/Project Lab/workplace/Laravel auth/hilltourismfullandfinal/hilltourismbd_2.1/vendor/laravel/framework/src/Illuminate/Foundation/Http/Kernel.php(110): Illuminate\\Foundation\\Http\\Kernel->sendRequestThroughRouter(Object(Illuminate\\Http\\Request))
#66 /media/piyal/Project Lab/workplace/Laravel auth/hilltourismfullandfinal/hilltourismbd_2.1/public/index.php(55): Illuminate\\Foundation\\Http\\Kernel->handle(Object(Illuminate\\Http\\Request))
#67 /media/piyal/Project Lab/workplace/Laravel auth/hilltourismfullandfinal/hilltourismbd_2.1/server.php(21): require_once('/media/piyal/Pr...')
#68 {main}

[previous exception] [object] (ErrorException(code: 0): Undefined index: booking_condition at /media/piyal/Project Lab/workplace/Laravel auth/hilltourismfullandfinal/hilltourismbd_2.1/storage/framework/views/7c08ab90229f9d3fa770f31eeef2ae248d3a5291.php:354)
[stacktrace]
#0 /media/piyal/Project Lab/workplace/Laravel auth/hilltourismfullandfinal/hilltourismbd_2.1/storage/framework/views/7c08ab90229f9d3fa770f31eeef2ae248d3a5291.php(354): Illuminate\\Foundation\\Bootstrap\\HandleExceptions->handleError(8, 'Undefined index...', '/media/piyal/Pr...', 354, Array)
#1 /media/piyal/Project Lab/workplace/Laravel auth/hilltourismfullandfinal/hilltourismbd_2.1/vendor/laravel/framework/src/Illuminate/View/Engines/PhpEngine.php(43): include('/media/piyal/Pr...')
#2 /media/piyal/Project Lab/workplace/Laravel auth/hilltourismfullandfinal/hilltourismbd_2.1/vendor/laravel/framework/src/Illuminate/View/Engines/CompilerEngine.php(59): Illuminate\\View\\Engines\\PhpEngine->evaluatePath('/media/piyal/Pr...', Array)
#3 /media/piyal/Project Lab/workplace/Laravel auth/hilltourismfullandfinal/hilltourismbd_2.1/vendor/facade/ignition/src/Views/Engines/CompilerEngine.php(36): Illuminate\\View\\Engines\\CompilerEngine->get('/media/piyal/Pr...', Array)
#4 /media/piyal/Project Lab/workplace/Laravel auth/hilltourismfullandfinal/hilltourismbd_2.1/vendor/laravel/framework/src/Illuminate/View/View.php(143): Facade\\Ignition\\Views\\Engines\\CompilerEngine->get('/media/piyal/Pr...', Array)
#5 /media/piyal/Project Lab/workplace/Laravel auth/hilltourismfullandfinal/hilltourismbd_2.1/vendor/laravel/framework/src/Illuminate/View/View.php(126): Illuminate\\View\\View->getContents()
#6 /media/piyal/Project Lab/workplace/Laravel auth/hilltourismfullandfinal/hilltourismbd_2.1/vendor/laravel/framework/src/Illuminate/View/View.php(91): Illuminate\\View\\View->renderContents()
#7 /media/piyal/Project Lab/workplace/Laravel auth/hilltourismfullandfinal/hilltourismbd_2.1/vendor/barryvdh/laravel-dompdf/src/PDF.php(119): Illuminate\\View\\View->render()
#8 /media/piyal/Project Lab/workplace/Laravel auth/hilltourismfullandfinal/hilltourismbd_2.1/vendor/barryvdh/laravel-dompdf/src/Facade.php(31): Barryvdh\\DomPDF\\PDF->loadView('mail.hotel-invo...', Array)
#9 /media/piyal/Project Lab/workplace/Laravel auth/hilltourismfullandfinal/hilltourismbd_2.1/app/CustomDir/InvoiceGenerator.php(10): Barryvdh\\DomPDF\\Facade::__callStatic('loadView', Array)
#10 /media/piyal/Project Lab/workplace/Laravel auth/hilltourismfullandfinal/hilltourismbd_2.1/app/Http/Controllers/HotelBookingController/HotelBookByReceiptionist.php(424): App\\CustomDir\\InvoiceGenerator::getHotelpdfInvoice(Array)
#11 [internal function]: App\\Http\\Controllers\\HotelBookingController\\HotelBookByReceiptionist->roomreservedcomfirm(Object(Illuminate\\Http\\Request))
#12 /media/piyal/Project Lab/workplace/Laravel auth/hilltourismfullandfinal/hilltourismbd_2.1/vendor/laravel/framework/src/Illuminate/Routing/Controller.php(54): call_user_func_array(Array, Array)
#13 /media/piyal/Project Lab/workplace/Laravel auth/hilltourismfullandfinal/hilltourismbd_2.1/vendor/laravel/framework/src/Illuminate/Routing/ControllerDispatcher.php(45): Illuminate\\Routing\\Controller->callAction('roomreservedcom...', Array)
#14 /media/piyal/Project Lab/workplace/Laravel auth/hilltourismfullandfinal/hilltourismbd_2.1/vendor/laravel/framework/src/Illuminate/Routing/Route.php(219): Illuminate\\Routing\\ControllerDispatcher->dispatch(Object(Illuminate\\Routing\\Route), Object(App\\Http\\Controllers\\HotelBookingController\\HotelBookByReceiptionist), 'roomreservedcom...')
#15 /media/piyal/Project Lab/workplace/Laravel auth/hilltourismfullandfinal/hilltourismbd_2.1/vendor/laravel/framework/src/Illuminate/Routing/Route.php(176): Illuminate\\Routing\\Route->runController()
#16 /media/piyal/Project Lab/workplace/Laravel auth/hilltourismfullandfinal/hilltourismbd_2.1/vendor/laravel/framework/src/Illuminate/Routing/Router.php(681): Illuminate\\Routing\\Route->run()
#17 /media/piyal/Project Lab/workplace/Laravel auth/hilltourismfullandfinal/hilltourismbd_2.1/vendor/laravel/framework/src/Illuminate/Pipeline/Pipeline.php(130): Illuminate\\Routing\\Router->Illuminate\\Routing\\{closure}(Object(Illuminate\\Http\\Request))
#18 /media/piyal/Project Lab/workplace/Laravel auth/hilltourismfullandfinal/hilltourismbd_2.1/vendor/renatomarinho/laravel-page-speed/src/Middleware/PageSpeed.php(28): Illuminate\\Pipeline\\Pipeline->Illuminate\\Pipeline\\{closure}(Object(Illuminate\\Http\\Request))
#19 /media/piyal/Project Lab/workplace/Laravel auth/hilltourismfullandfinal/hilltourismbd_2.1/vendor/laravel/framework/src/Illuminate/Pipeline/Pipeline.php(171): RenatoMarinho\\LaravelPageSpeed\\Middleware\\PageSpeed->handle(Object(Illuminate\\Http\\Request), Object(Closure))
#20 /media/piyal/Project Lab/workplace/Laravel auth/hilltourismfullandfinal/hilltourismbd_2.1/vendor/renatomarinho/laravel-page-speed/src/Middleware/PageSpeed.php(28): Illuminate\\Pipeline\\Pipeline->Illuminate\\Pipeline\\{closure}(Object(Illuminate\\Http\\Request))
#21 /media/piyal/Project Lab/workplace/Laravel auth/hilltourismfullandfinal/hilltourismbd_2.1/vendor/laravel/framework/src/Illuminate/Pipeline/Pipeline.php(171): RenatoMarinho\\LaravelPageSpeed\\Middleware\\PageSpeed->handle(Object(Illuminate\\Http\\Request), Object(Closure))
#22 /media/piyal/Project Lab/workplace/Laravel auth/hilltourismfullandfinal/hilltourismbd_2.1/vendor/renatomarinho/laravel-page-speed/src/Middleware/PageSpeed.php(28): Illuminate\\Pipeline\\Pipeline->Illuminate\\Pipeline\\{closure}(Object(Illuminate\\Http\\Request))
#23 /media/piyal/Project Lab/workplace/Laravel auth/hilltourismfullandfinal/hilltourismbd_2.1/vendor/laravel/framework/src/Illuminate/Pipeline/Pipeline.php(171): RenatoMarinho\\LaravelPageSpeed\\Middleware\\PageSpeed->handle(Object(Illuminate\\Http\\Request), Object(Closure))
#24 /media/piyal/Project Lab/workplace/Laravel auth/hilltourismfullandfinal/hilltourismbd_2.1/vendor/renatomarinho/laravel-page-speed/src/Middleware/PageSpeed.php(28): Illuminate\\Pipeline\\Pipeline->Illuminate\\Pipeline\\{closure}(Object(Illuminate\\Http\\Request))
#25 /media/piyal/Project Lab/workplace/Laravel auth/hilltourismfullandfinal/hilltourismbd_2.1/vendor/laravel/framework/src/Illuminate/Pipeline/Pipeline.php(171): RenatoMarinho\\LaravelPageSpeed\\Middleware\\PageSpeed->handle(Object(Illuminate\\Http\\Request), Object(Closure))
#26 /media/piyal/Project Lab/workplace/Laravel auth/hilltourismfullandfinal/hilltourismbd_2.1/vendor/renatomarinho/laravel-page-speed/src/Middleware/PageSpeed.php(28): Illuminate\\Pipeline\\Pipeline->Illuminate\\Pipeline\\{closure}(Object(Illuminate\\Http\\Request))
#27 /media/piyal/Project Lab/workplace/Laravel auth/hilltourismfullandfinal/hilltourismbd_2.1/vendor/laravel/framework/src/Illuminate/Pipeline/Pipeline.php(171): RenatoMarinho\\LaravelPageSpeed\\Middleware\\PageSpeed->handle(Object(Illuminate\\Http\\Request), Object(Closure))
#28 /media/piyal/Project Lab/workplace/Laravel auth/hilltourismfullandfinal/hilltourismbd_2.1/vendor/renatomarinho/laravel-page-speed/src/Middleware/PageSpeed.php(28): Illuminate\\Pipeline\\Pipeline->Illuminate\\Pipeline\\{closure}(Object(Illuminate\\Http\\Request))
#29 /media/piyal/Project Lab/workplace/Laravel auth/hilltourismfullandfinal/hilltourismbd_2.1/vendor/laravel/framework/src/Illuminate/Pipeline/Pipeline.php(171): RenatoMarinho\\LaravelPageSpeed\\Middleware\\PageSpeed->handle(Object(Illuminate\\Http\\Request), Object(Closure))
#30 /media/piyal/Project Lab/workplace/Laravel auth/hilltourismfullandfinal/hilltourismbd_2.1/vendor/renatomarinho/laravel-page-speed/src/Middleware/PageSpeed.php(28): Illuminate\\Pipeline\\Pipeline->Illuminate\\Pipeline\\{closure}(Object(Illuminate\\Http\\Request))
#31 /media/piyal/Project Lab/workplace/Laravel auth/hilltourismfullandfinal/hilltourismbd_2.1/vendor/laravel/framework/src/Illuminate/Pipeline/Pipeline.php(171): RenatoMarinho\\LaravelPageSpeed\\Middleware\\PageSpeed->handle(Object(Illuminate\\Http\\Request), Object(Closure))
#32 /media/piyal/Project Lab/workplace/Laravel auth/hilltourismfullandfinal/hilltourismbd_2.1/vendor/laravel/framework/src/Illuminate/Routing/Middleware/SubstituteBindings.php(41): Illuminate\\Pipeline\\Pipeline->Illuminate\\Pipeline\\{closure}(Object(Illuminate\\Http\\Request))
#33 /media/piyal/Project Lab/workplace/Laravel auth/hilltourismfullandfinal/hilltourismbd_2.1/vendor/laravel/framework/src/Illuminate/Pipeline/Pipeline.php(171): Illuminate\\Routing\\Middleware\\SubstituteBindings->handle(Object(Illuminate\\Http\\Request), Object(Closure))
#34 /media/piyal/Project Lab/workplace/Laravel auth/hilltourismfullandfinal/hilltourismbd_2.1/vendor/laravel/framework/src/Illuminate/Auth/Middleware/Authenticate.php(43): Illuminate\\Pipeline\\Pipeline->Illuminate\\Pipeline\\{closure}(Object(Illuminate\\Http\\Request))
#35 /media/piyal/Project Lab/workplace/Laravel auth/hilltourismfullandfinal/hilltourismbd_2.1/vendor/laravel/framework/src/Illuminate/Pipeline/Pipeline.php(171): Illuminate\\Auth\\Middleware\\Authenticate->handle(Object(Illuminate\\Http\\Request), Object(Closure), 'web')
#36 /media/piyal/Project Lab/workplace/Laravel auth/hilltourismfullandfinal/hilltourismbd_2.1/vendor/laravel/framework/src/Illuminate/Foundation/Http/Middleware/VerifyCsrfToken.php(76): Illuminate\\Pipeline\\Pipeline->Illuminate\\Pipeline\\{closure}(Object(Illuminate\\Http\\Request))
#37 /media/piyal/Project Lab/workplace/Laravel auth/hilltourismfullandfinal/hilltourismbd_2.1/vendor/laravel/framework/src/Illuminate/Pipeline/Pipeline.php(171): Illuminate\\Foundation\\Http\\Middleware\\VerifyCsrfToken->handle(Object(Illuminate\\Http\\Request), Object(Closure))
#38 /media/piyal/Project Lab/workplace/Laravel auth/hilltourismfullandfinal/hilltourismbd_2.1/vendor/laravel/framework/src/Illuminate/View/Middleware/ShareErrorsFromSession.php(49): Illuminate\\Pipeline\\Pipeline->Illuminate\\Pipeline\\{closure}(Object(Illuminate\\Http\\Request))
#39 /media/piyal/Project Lab/workplace/Laravel auth/hilltourismfullandfinal/hilltourismbd_2.1/vendor/laravel/framework/src/Illuminate/Pipeline/Pipeline.php(171): Illuminate\\View\\Middleware\\ShareErrorsFromSession->handle(Object(Illuminate\\Http\\Request), Object(Closure))
#40 /media/piyal/Project Lab/workplace/Laravel auth/hilltourismfullandfinal/hilltourismbd_2.1/vendor/laravel/framework/src/Illuminate/Session/Middleware/StartSession.php(56): Illuminate\\Pipeline\\Pipeline->Illuminate\\Pipeline\\{closure}(Object(Illuminate\\Http\\Request))
#41 /media/piyal/Project Lab/workplace/Laravel auth/hilltourismfullandfinal/hilltourismbd_2.1/vendor/laravel/framework/src/Illuminate/Pipeline/Pipeline.php(171): Illuminate\\Session\\Middleware\\StartSession->handle(Object(Illuminate\\Http\\Request), Object(Closure))
#42 /media/piyal/Project Lab/workplace/Laravel auth/hilltourismfullandfinal/hilltourismbd_2.1/vendor/laravel/framework/src/Illuminate/Cookie/Middleware/AddQueuedCookiesToResponse.php(37): Illuminate\\Pipeline\\Pipeline->Illuminate\\Pipeline\\{closure}(Object(Illuminate\\Http\\Request))
#43 /media/piyal/Project Lab/workplace/Laravel auth/hilltourismfullandfinal/hilltourismbd_2.1/vendor/laravel/framework/src/Illuminate/Pipeline/Pipeline.php(171): Illuminate\\Cookie\\Middleware\\AddQueuedCookiesToResponse->handle(Object(Illuminate\\Http\\Request), Object(Closure))
#44 /media/piyal/Project Lab/workplace/Laravel auth/hilltourismfullandfinal/hilltourismbd_2.1/vendor/laravel/framework/src/Illuminate/Cookie/Middleware/EncryptCookies.php(66): Illuminate\\Pipeline\\Pipeline->Illuminate\\Pipeline\\{closure}(Object(Illuminate\\Http\\Request))
#45 /media/piyal/Project Lab/workplace/Laravel auth/hilltourismfullandfinal/hilltourismbd_2.1/vendor/laravel/framework/src/Illuminate/Pipeline/Pipeline.php(171): Illuminate\\Cookie\\Middleware\\EncryptCookies->handle(Object(Illuminate\\Http\\Request), Object(Closure))
#46 /media/piyal/Project Lab/workplace/Laravel auth/hilltourismfullandfinal/hilltourismbd_2.1/vendor/laravel/framework/src/Illuminate/Pipeline/Pipeline.php(105): Illuminate\\Pipeline\\Pipeline->Illuminate\\Pipeline\\{closure}(Object(Illuminate\\Http\\Request))
#47 /media/piyal/Project Lab/workplace/Laravel auth/hilltourismfullandfinal/hilltourismbd_2.1/vendor/laravel/framework/src/Illuminate/Routing/Router.php(683): Illuminate\\Pipeline\\Pipeline->then(Object(Closure))
#48 /media/piyal/Project Lab/workplace/Laravel auth/hilltourismfullandfinal/hilltourismbd_2.1/vendor/laravel/framework/src/Illuminate/Routing/Router.php(658): Illuminate\\Routing\\Router->runRouteWithinStack(Object(Illuminate\\Routing\\Route), Object(Illuminate\\Http\\Request))
#49 /media/piyal/Project Lab/workplace/Laravel auth/hilltourismfullandfinal/hilltourismbd_2.1/vendor/laravel/framework/src/Illuminate/Routing/Router.php(624): Illuminate\\Routing\\Router->runRoute(Object(Illuminate\\Http\\Request), Object(Illuminate\\Routing\\Route))
#50 /media/piyal/Project Lab/workplace/Laravel auth/hilltourismfullandfinal/hilltourismbd_2.1/vendor/laravel/framework/src/Illuminate/Routing/Router.php(613): Illuminate\\Routing\\Router->dispatchToRoute(Object(Illuminate\\Http\\Request))
#51 /media/piyal/Project Lab/workplace/Laravel auth/hilltourismfullandfinal/hilltourismbd_2.1/vendor/laravel/framework/src/Illuminate/Foundation/Http/Kernel.php(170): Illuminate\\Routing\\Router->dispatch(Object(Illuminate\\Http\\Request))
#52 /media/piyal/Project Lab/workplace/Laravel auth/hilltourismfullandfinal/hilltourismbd_2.1/vendor/laravel/framework/src/Illuminate/Pipeline/Pipeline.php(130): Illuminate\\Foundation\\Http\\Kernel->Illuminate\\Foundation\\Http\\{closure}(Object(Illuminate\\Http\\Request))
#53 /media/piyal/Project Lab/workplace/Laravel auth/hilltourismfullandfinal/hilltourismbd_2.1/vendor/laravel/framework/src/Illuminate/Foundation/Http/Middleware/TransformsRequest.php(21): Illuminate\\Pipeline\\Pipeline->Illuminate\\Pipeline\\{closure}(Object(Illuminate\\Http\\Request))
#54 /media/piyal/Project Lab/workplace/Laravel auth/hilltourismfullandfinal/hilltourismbd_2.1/vendor/laravel/framework/src/Illuminate/Pipeline/Pipeline.php(171): Illuminate\\Foundation\\Http\\Middleware\\TransformsRequest->handle(Object(Illuminate\\Http\\Request), Object(Closure))
#55 /media/piyal/Project Lab/workplace/Laravel auth/hilltourismfullandfinal/hilltourismbd_2.1/vendor/laravel/framework/src/Illuminate/Foundation/Http/Middleware/TransformsRequest.php(21): Illuminate\\Pipeline\\Pipeline->Illuminate\\Pipeline\\{closure}(Object(Illuminate\\Http\\Request))
#56 /media/piyal/Project Lab/workplace/Laravel auth/hilltourismfullandfinal/hilltourismbd_2.1/vendor/laravel/framework/src/Illuminate/Pipeline/Pipeline.php(171): Illuminate\\Foundation\\Http\\Middleware\\TransformsRequest->handle(Object(Illuminate\\Http\\Request), Object(Closure))
#57 /media/piyal/Project Lab/workplace/Laravel auth/hilltourismfullandfinal/hilltourismbd_2.1/vendor/laravel/framework/src/Illuminate/Foundation/Http/Middleware/ValidatePostSize.php(27): Illuminate\\Pipeline\\Pipeline->Illuminate\\Pipeline\\{closure}(Object(Illuminate\\Http\\Request))
#58 /media/piyal/Project Lab/workplace/Laravel auth/hilltourismfullandfinal/hilltourismbd_2.1/vendor/laravel/framework/src/Illuminate/Pipeline/Pipeline.php(171): Illuminate\\Foundation\\Http\\Middleware\\ValidatePostSize->handle(Object(Illuminate\\Http\\Request), Object(Closure))
#59 /media/piyal/Project Lab/workplace/Laravel auth/hilltourismfullandfinal/hilltourismbd_2.1/vendor/laravel/framework/src/Illuminate/Foundation/Http/Middleware/CheckForMaintenanceMode.php(63): Illuminate\\Pipeline\\Pipeline->Illuminate\\Pipeline\\{closure}(Object(Illuminate\\Http\\Request))
#60 /media/piyal/Project Lab/workplace/Laravel auth/hilltourismfullandfinal/hilltourismbd_2.1/vendor/laravel/framework/src/Illuminate/Pipeline/Pipeline.php(171): Illuminate\\Foundation\\Http\\Middleware\\CheckForMaintenanceMode->handle(Object(Illuminate\\Http\\Request), Object(Closure))
#61 /media/piyal/Project Lab/workplace/Laravel auth/hilltourismfullandfinal/hilltourismbd_2.1/vendor/fideloper/proxy/src/TrustProxies.php(57): Illuminate\\Pipeline\\Pipeline->Illuminate\\Pipeline\\{closure}(Object(Illuminate\\Http\\Request))
#62 /media/piyal/Project Lab/workplace/Laravel auth/hilltourismfullandfinal/hilltourismbd_2.1/vendor/laravel/framework/src/Illuminate/Pipeline/Pipeline.php(171): Fideloper\\Proxy\\TrustProxies->handle(Object(Illuminate\\Http\\Request), Object(Closure))
#63 /media/piyal/Project Lab/workplace/Laravel auth/hilltourismfullandfinal/hilltourismbd_2.1/vendor/laravel/framework/src/Illuminate/Pipeline/Pipeline.php(105): Illuminate\\Pipeline\\Pipeline->Illuminate\\Pipeline\\{closure}(Object(Illuminate\\Http\\Request))
#64 /media/piyal/Project Lab/workplace/Laravel auth/hilltourismfullandfinal/hilltourismbd_2.1/vendor/laravel/framework/src/Illuminate/Foundation/Http/Kernel.php(145): Illuminate\\Pipeline\\Pipeline->then(Object(Closure))
#65 /media/piyal/Project Lab/workplace/Laravel auth/hilltourismfullandfinal/hilltourismbd_2.1/vendor/laravel/framework/src/Illuminate/Foundation/Http/Kernel.php(110): Illuminate\\Foundation\\Http\\Kernel->sendRequestThroughRouter(Object(Illuminate\\Http\\Request))
#66 /media/piyal/Project Lab/workplace/Laravel auth/hilltourismfullandfinal/hilltourismbd_2.1/public/index.php(55): Illuminate\\Foundation\\Http\\Kernel->handle(Object(Illuminate\\Http\\Request))
#67 /media/piyal/Project Lab/workplace/Laravel auth/hilltourismfullandfinal/hilltourismbd_2.1/server.php(21): require_once('/media/piyal/Pr...')
#68 {main}
"} 
[2020-02-22 05:27:00] local.ERROR: Undefined index: booking_condition (View: /media/piyal/Project Lab/workplace/Laravel auth/hilltourismfullandfinal/hilltourismbd_2.1/resources/views/mail/hotel-invoice.blade.php) {"userId":8,"exception":"[object] (Facade\\Ignition\\Exceptions\\ViewException(code: 0): Undefined index: booking_condition (View: /media/piyal/Project Lab/workplace/Laravel auth/hilltourismfullandfinal/hilltourismbd_2.1/resources/views/mail/hotel-invoice.blade.php) at /media/piyal/Project Lab/workplace/Laravel auth/hilltourismfullandfinal/hilltourismbd_2.1/resources/views/mail/hotel-invoice.blade.php:338)
[stacktrace]
#0 /media/piyal/Project Lab/workplace/Laravel auth/hilltourismfullandfinal/hilltourismbd_2.1/resources/views/mail/hotel-invoice.blade.php(338): Illuminate\\Foundation\\Bootstrap\\HandleExceptions->handleError(8, 'Undefined index...', '/media/piyal/Pr...', 354, Array)
#1 /media/piyal/Project Lab/workplace/Laravel auth/hilltourismfullandfinal/hilltourismbd_2.1/vendor/laravel/framework/src/Illuminate/View/Engines/PhpEngine.php(43): include('/media/piyal/Pr...')
#2 /media/piyal/Project Lab/workplace/Laravel auth/hilltourismfullandfinal/hilltourismbd_2.1/vendor/laravel/framework/src/Illuminate/View/Engines/CompilerEngine.php(59): Illuminate\\View\\Engines\\PhpEngine->evaluatePath('/media/piyal/Pr...', Array)
#3 /media/piyal/Project Lab/workplace/Laravel auth/hilltourismfullandfinal/hilltourismbd_2.1/vendor/facade/ignition/src/Views/Engines/CompilerEngine.php(36): Illuminate\\View\\Engines\\CompilerEngine->get('/media/piyal/Pr...', Array)
#4 /media/piyal/Project Lab/workplace/Laravel auth/hilltourismfullandfinal/hilltourismbd_2.1/vendor/laravel/framework/src/Illuminate/View/View.php(143): Facade\\Ignition\\Views\\Engines\\CompilerEngine->get('/media/piyal/Pr...', Array)
#5 /media/piyal/Project Lab/workplace/Laravel auth/hilltourismfullandfinal/hilltourismbd_2.1/vendor/laravel/framework/src/Illuminate/View/View.php(126): Illuminate\\View\\View->getContents()
#6 /media/piyal/Project Lab/workplace/Laravel auth/hilltourismfullandfinal/hilltourismbd_2.1/vendor/laravel/framework/src/Illuminate/View/View.php(91): Illuminate\\View\\View->renderContents()
#7 /media/piyal/Project Lab/workplace/Laravel auth/hilltourismfullandfinal/hilltourismbd_2.1/vendor/barryvdh/laravel-dompdf/src/PDF.php(119): Illuminate\\View\\View->render()
#8 /media/piyal/Project Lab/workplace/Laravel auth/hilltourismfullandfinal/hilltourismbd_2.1/vendor/barryvdh/laravel-dompdf/src/Facade.php(31): Barryvdh\\DomPDF\\PDF->loadView('mail.hotel-invo...', Array)
#9 /media/piyal/Project Lab/workplace/Laravel auth/hilltourismfullandfinal/hilltourismbd_2.1/app/CustomDir/InvoiceGenerator.php(10): Barryvdh\\DomPDF\\Facade::__callStatic('loadView', Array)
#10 /media/piyal/Project Lab/workplace/Laravel auth/hilltourismfullandfinal/hilltourismbd_2.1/app/Http/Controllers/HotelBookingController/HotelBookByReceiptionist.php(424): App\\CustomDir\\InvoiceGenerator::getHotelpdfInvoice(Array)
#11 [internal function]: App\\Http\\Controllers\\HotelBookingController\\HotelBookByReceiptionist->roomreservedcomfirm(Object(Illuminate\\Http\\Request))
#12 /media/piyal/Project Lab/workplace/Laravel auth/hilltourismfullandfinal/hilltourismbd_2.1/vendor/laravel/framework/src/Illuminate/Routing/Controller.php(54): call_user_func_array(Array, Array)
#13 /media/piyal/Project Lab/workplace/Laravel auth/hilltourismfullandfinal/hilltourismbd_2.1/vendor/laravel/framework/src/Illuminate/Routing/ControllerDispatcher.php(45): Illuminate\\Routing\\Controller->callAction('roomreservedcom...', Array)
#14 /media/piyal/Project Lab/workplace/Laravel auth/hilltourismfullandfinal/hilltourismbd_2.1/vendor/laravel/framework/src/Illuminate/Routing/Route.php(219): Illuminate\\Routing\\ControllerDispatcher->dispatch(Object(Illuminate\\Routing\\Route), Object(App\\Http\\Controllers\\HotelBookingController\\HotelBookByReceiptionist), 'roomreservedcom...')
#15 /media/piyal/Project Lab/workplace/Laravel auth/hilltourismfullandfinal/hilltourismbd_2.1/vendor/laravel/framework/src/Illuminate/Routing/Route.php(176): Illuminate\\Routing\\Route->runController()
#16 /media/piyal/Project Lab/workplace/Laravel auth/hilltourismfullandfinal/hilltourismbd_2.1/vendor/laravel/framework/src/Illuminate/Routing/Router.php(681): Illuminate\\Routing\\Route->run()
#17 /media/piyal/Project Lab/workplace/Laravel auth/hilltourismfullandfinal/hilltourismbd_2.1/vendor/laravel/framework/src/Illuminate/Pipeline/Pipeline.php(130): Illuminate\\Routing\\Router->Illuminate\\Routing\\{closure}(Object(Illuminate\\Http\\Request))
#18 /media/piyal/Project Lab/workplace/Laravel auth/hilltourismfullandfinal/hilltourismbd_2.1/vendor/renatomarinho/laravel-page-speed/src/Middleware/PageSpeed.php(28): Illuminate\\Pipeline\\Pipeline->Illuminate\\Pipeline\\{closure}(Object(Illuminate\\Http\\Request))
#19 /media/piyal/Project Lab/workplace/Laravel auth/hilltourismfullandfinal/hilltourismbd_2.1/vendor/laravel/framework/src/Illuminate/Pipeline/Pipeline.php(171): RenatoMarinho\\LaravelPageSpeed\\Middleware\\PageSpeed->handle(Object(Illuminate\\Http\\Request), Object(Closure))
#20 /media/piyal/Project Lab/workplace/Laravel auth/hilltourismfullandfinal/hilltourismbd_2.1/vendor/renatomarinho/laravel-page-speed/src/Middleware/PageSpeed.php(28): Illuminate\\Pipeline\\Pipeline->Illuminate\\Pipeline\\{closure}(Object(Illuminate\\Http\\Request))
#21 /media/piyal/Project Lab/workplace/Laravel auth/hilltourismfullandfinal/hilltourismbd_2.1/vendor/laravel/framework/src/Illuminate/Pipeline/Pipeline.php(171): RenatoMarinho\\LaravelPageSpeed\\Middleware\\PageSpeed->handle(Object(Illuminate\\Http\\Request), Object(Closure))
#22 /media/piyal/Project Lab/workplace/Laravel auth/hilltourismfullandfinal/hilltourismbd_2.1/vendor/renatomarinho/laravel-page-speed/src/Middleware/PageSpeed.php(28): Illuminate\\Pipeline\\Pipeline->Illuminate\\Pipeline\\{closure}(Object(Illuminate\\Http\\Request))
#23 /media/piyal/Project Lab/workplace/Laravel auth/hilltourismfullandfinal/hilltourismbd_2.1/vendor/laravel/framework/src/Illuminate/Pipeline/Pipeline.php(171): RenatoMarinho\\LaravelPageSpeed\\Middleware\\PageSpeed->handle(Object(Illuminate\\Http\\Request), Object(Closure))
#24 /media/piyal/Project Lab/workplace/Laravel auth/hilltourismfullandfinal/hilltourismbd_2.1/vendor/renatomarinho/laravel-page-speed/src/Middleware/PageSpeed.php(28): Illuminate\\Pipeline\\Pipeline->Illuminate\\Pipeline\\{closure}(Object(Illuminate\\Http\\Request))
#25 /media/piyal/Project Lab/workplace/Laravel auth/hilltourismfullandfinal/hilltourismbd_2.1/vendor/laravel/framework/src/Illuminate/Pipeline/Pipeline.php(171): RenatoMarinho\\LaravelPageSpeed\\Middleware\\PageSpeed->handle(Object(Illuminate\\Http\\Request), Object(Closure))
#26 /media/piyal/Project Lab/workplace/Laravel auth/hilltourismfullandfinal/hilltourismbd_2.1/vendor/renatomarinho/laravel-page-speed/src/Middleware/PageSpeed.php(28): Illuminate\\Pipeline\\Pipeline->Illuminate\\Pipeline\\{closure}(Object(Illuminate\\Http\\Request))
#27 /media/piyal/Project Lab/workplace/Laravel auth/hilltourismfullandfinal/hilltourismbd_2.1/vendor/laravel/framework/src/Illuminate/Pipeline/Pipeline.php(171): RenatoMarinho\\LaravelPageSpeed\\Middleware\\PageSpeed->handle(Object(Illuminate\\Http\\Request), Object(Closure))
#28 /media/piyal/Project Lab/workplace/Laravel auth/hilltourismfullandfinal/hilltourismbd_2.1/vendor/renatomarinho/laravel-page-speed/src/Middleware/PageSpeed.php(28): Illuminate\\Pipeline\\Pipeline->Illuminate\\Pipeline\\{closure}(Object(Illuminate\\Http\\Request))
#29 /media/piyal/Project Lab/workplace/Laravel auth/hilltourismfullandfinal/hilltourismbd_2.1/vendor/laravel/framework/src/Illuminate/Pipeline/Pipeline.php(171): RenatoMarinho\\LaravelPageSpeed\\Middleware\\PageSpeed->handle(Object(Illuminate\\Http\\Request), Object(Closure))
#30 /media/piyal/Project Lab/workplace/Laravel auth/hilltourismfullandfinal/hilltourismbd_2.1/vendor/renatomarinho/laravel-page-speed/src/Middleware/PageSpeed.php(28): Illuminate\\Pipeline\\Pipeline->Illuminate\\Pipeline\\{closure}(Object(Illuminate\\Http\\Request))
#31 /media/piyal/Project Lab/workplace/Laravel auth/hilltourismfullandfinal/hilltourismbd_2.1/vendor/laravel/framework/src/Illuminate/Pipeline/Pipeline.php(171): RenatoMarinho\\LaravelPageSpeed\\Middleware\\PageSpeed->handle(Object(Illuminate\\Http\\Request), Object(Closure))
#32 /media/piyal/Project Lab/workplace/Laravel auth/hilltourismfullandfinal/hilltourismbd_2.1/vendor/laravel/framework/src/Illuminate/Routing/Middleware/SubstituteBindings.php(41): Illuminate\\Pipeline\\Pipeline->Illuminate\\Pipeline\\{closure}(Object(Illuminate\\Http\\Request))
#33 /media/piyal/Project Lab/workplace/Laravel auth/hilltourismfullandfinal/hilltourismbd_2.1/vendor/laravel/framework/src/Illuminate/Pipeline/Pipeline.php(171): Illuminate\\Routing\\Middleware\\SubstituteBindings->handle(Object(Illuminate\\Http\\Request), Object(Closure))
#34 /media/piyal/Project Lab/workplace/Laravel auth/hilltourismfullandfinal/hilltourismbd_2.1/vendor/laravel/framework/src/Illuminate/Auth/Middleware/Authenticate.php(43): Illuminate\\Pipeline\\Pipeline->Illuminate\\Pipeline\\{closure}(Object(Illuminate\\Http\\Request))
#35 /media/piyal/Project Lab/workplace/Laravel auth/hilltourismfullandfinal/hilltourismbd_2.1/vendor/laravel/framework/src/Illuminate/Pipeline/Pipeline.php(171): Illuminate\\Auth\\Middleware\\Authenticate->handle(Object(Illuminate\\Http\\Request), Object(Closure), 'web')
#36 /media/piyal/Project Lab/workplace/Laravel auth/hilltourismfullandfinal/hilltourismbd_2.1/vendor/laravel/framework/src/Illuminate/Foundation/Http/Middleware/VerifyCsrfToken.php(76): Illuminate\\Pipeline\\Pipeline->Illuminate\\Pipeline\\{closure}(Object(Illuminate\\Http\\Request))
#37 /media/piyal/Project Lab/workplace/Laravel auth/hilltourismfullandfinal/hilltourismbd_2.1/vendor/laravel/framework/src/Illuminate/Pipeline/Pipeline.php(171): Illuminate\\Foundation\\Http\\Middleware\\VerifyCsrfToken->handle(Object(Illuminate\\Http\\Request), Object(Closure))
#38 /media/piyal/Project Lab/workplace/Laravel auth/hilltourismfullandfinal/hilltourismbd_2.1/vendor/laravel/framework/src/Illuminate/View/Middleware/ShareErrorsFromSession.php(49): Illuminate\\Pipeline\\Pipeline->Illuminate\\Pipeline\\{closure}(Object(Illuminate\\Http\\Request))
#39 /media/piyal/Project Lab/workplace/Laravel auth/hilltourismfullandfinal/hilltourismbd_2.1/vendor/laravel/framework/src/Illuminate/Pipeline/Pipeline.php(171): Illuminate\\View\\Middleware\\ShareErrorsFromSession->handle(Object(Illuminate\\Http\\Request), Object(Closure))
#40 /media/piyal/Project Lab/workplace/Laravel auth/hilltourismfullandfinal/hilltourismbd_2.1/vendor/laravel/framework/src/Illuminate/Session/Middleware/StartSession.php(56): Illuminate\\Pipeline\\Pipeline->Illuminate\\Pipeline\\{closure}(Object(Illuminate\\Http\\Request))
#41 /media/piyal/Project Lab/workplace/Laravel auth/hilltourismfullandfinal/hilltourismbd_2.1/vendor/laravel/framework/src/Illuminate/Pipeline/Pipeline.php(171): Illuminate\\Session\\Middleware\\StartSession->handle(Object(Illuminate\\Http\\Request), Object(Closure))
#42 /media/piyal/Project Lab/workplace/Laravel auth/hilltourismfullandfinal/hilltourismbd_2.1/vendor/laravel/framework/src/Illuminate/Cookie/Middleware/AddQueuedCookiesToResponse.php(37): Illuminate\\Pipeline\\Pipeline->Illuminate\\Pipeline\\{closure}(Object(Illuminate\\Http\\Request))
#43 /media/piyal/Project Lab/workplace/Laravel auth/hilltourismfullandfinal/hilltourismbd_2.1/vendor/laravel/framework/src/Illuminate/Pipeline/Pipeline.php(171): Illuminate\\Cookie\\Middleware\\AddQueuedCookiesToResponse->handle(Object(Illuminate\\Http\\Request), Object(Closure))
#44 /media/piyal/Project Lab/workplace/Laravel auth/hilltourismfullandfinal/hilltourismbd_2.1/vendor/laravel/framework/src/Illuminate/Cookie/Middleware/EncryptCookies.php(66): Illuminate\\Pipeline\\Pipeline->Illuminate\\Pipeline\\{closure}(Object(Illuminate\\Http\\Request))
#45 /media/piyal/Project Lab/workplace/Laravel auth/hilltourismfullandfinal/hilltourismbd_2.1/vendor/laravel/framework/src/Illuminate/Pipeline/Pipeline.php(171): Illuminate\\Cookie\\Middleware\\EncryptCookies->handle(Object(Illuminate\\Http\\Request), Object(Closure))
#46 /media/piyal/Project Lab/workplace/Laravel auth/hilltourismfullandfinal/hilltourismbd_2.1/vendor/laravel/framework/src/Illuminate/Pipeline/Pipeline.php(105): Illuminate\\Pipeline\\Pipeline->Illuminate\\Pipeline\\{closure}(Object(Illuminate\\Http\\Request))
#47 /media/piyal/Project Lab/workplace/Laravel auth/hilltourismfullandfinal/hilltourismbd_2.1/vendor/laravel/framework/src/Illuminate/Routing/Router.php(683): Illuminate\\Pipeline\\Pipeline->then(Object(Closure))
#48 /media/piyal/Project Lab/workplace/Laravel auth/hilltourismfullandfinal/hilltourismbd_2.1/vendor/laravel/framework/src/Illuminate/Routing/Router.php(658): Illuminate\\Routing\\Router->runRouteWithinStack(Object(Illuminate\\Routing\\Route), Object(Illuminate\\Http\\Request))
#49 /media/piyal/Project Lab/workplace/Laravel auth/hilltourismfullandfinal/hilltourismbd_2.1/vendor/laravel/framework/src/Illuminate/Routing/Router.php(624): Illuminate\\Routing\\Router->runRoute(Object(Illuminate\\Http\\Request), Object(Illuminate\\Routing\\Route))
#50 /media/piyal/Project Lab/workplace/Laravel auth/hilltourismfullandfinal/hilltourismbd_2.1/vendor/laravel/framework/src/Illuminate/Routing/Router.php(613): Illuminate\\Routing\\Router->dispatchToRoute(Object(Illuminate\\Http\\Request))
#51 /media/piyal/Project Lab/workplace/Laravel auth/hilltourismfullandfinal/hilltourismbd_2.1/vendor/laravel/framework/src/Illuminate/Foundation/Http/Kernel.php(170): Illuminate\\Routing\\Router->dispatch(Object(Illuminate\\Http\\Request))
#52 /media/piyal/Project Lab/workplace/Laravel auth/hilltourismfullandfinal/hilltourismbd_2.1/vendor/laravel/framework/src/Illuminate/Pipeline/Pipeline.php(130): Illuminate\\Foundation\\Http\\Kernel->Illuminate\\Foundation\\Http\\{closure}(Object(Illuminate\\Http\\Request))
#53 /media/piyal/Project Lab/workplace/Laravel auth/hilltourismfullandfinal/hilltourismbd_2.1/vendor/laravel/framework/src/Illuminate/Foundation/Http/Middleware/TransformsRequest.php(21): Illuminate\\Pipeline\\Pipeline->Illuminate\\Pipeline\\{closure}(Object(Illuminate\\Http\\Request))
#54 /media/piyal/Project Lab/workplace/Laravel auth/hilltourismfullandfinal/hilltourismbd_2.1/vendor/laravel/framework/src/Illuminate/Pipeline/Pipeline.php(171): Illuminate\\Foundation\\Http\\Middleware\\TransformsRequest->handle(Object(Illuminate\\Http\\Request), Object(Closure))
#55 /media/piyal/Project Lab/workplace/Laravel auth/hilltourismfullandfinal/hilltourismbd_2.1/vendor/laravel/framework/src/Illuminate/Foundation/Http/Middleware/TransformsRequest.php(21): Illuminate\\Pipeline\\Pipeline->Illuminate\\Pipeline\\{closure}(Object(Illuminate\\Http\\Request))
#56 /media/piyal/Project Lab/workplace/Laravel auth/hilltourismfullandfinal/hilltourismbd_2.1/vendor/laravel/framework/src/Illuminate/Pipeline/Pipeline.php(171): Illuminate\\Foundation\\Http\\Middleware\\TransformsRequest->handle(Object(Illuminate\\Http\\Request), Object(Closure))
#57 /media/piyal/Project Lab/workplace/Laravel auth/hilltourismfullandfinal/hilltourismbd_2.1/vendor/laravel/framework/src/Illuminate/Foundation/Http/Middleware/ValidatePostSize.php(27): Illuminate\\Pipeline\\Pipeline->Illuminate\\Pipeline\\{closure}(Object(Illuminate\\Http\\Request))
#58 /media/piyal/Project Lab/workplace/Laravel auth/hilltourismfullandfinal/hilltourismbd_2.1/vendor/laravel/framework/src/Illuminate/Pipeline/Pipeline.php(171): Illuminate\\Foundation\\Http\\Middleware\\ValidatePostSize->handle(Object(Illuminate\\Http\\Request), Object(Closure))
#59 /media/piyal/Project Lab/workplace/Laravel auth/hilltourismfullandfinal/hilltourismbd_2.1/vendor/laravel/framework/src/Illuminate/Foundation/Http/Middleware/CheckForMaintenanceMode.php(63): Illuminate\\Pipeline\\Pipeline->Illuminate\\Pipeline\\{closure}(Object(Illuminate\\Http\\Request))
#60 /media/piyal/Project Lab/workplace/Laravel auth/hilltourismfullandfinal/hilltourismbd_2.1/vendor/laravel/framework/src/Illuminate/Pipeline/Pipeline.php(171): Illuminate\\Foundation\\Http\\Middleware\\CheckForMaintenanceMode->handle(Object(Illuminate\\Http\\Request), Object(Closure))
#61 /media/piyal/Project Lab/workplace/Laravel auth/hilltourismfullandfinal/hilltourismbd_2.1/vendor/fideloper/proxy/src/TrustProxies.php(57): Illuminate\\Pipeline\\Pipeline->Illuminate\\Pipeline\\{closure}(Object(Illuminate\\Http\\Request))
#62 /media/piyal/Project Lab/workplace/Laravel auth/hilltourismfullandfinal/hilltourismbd_2.1/vendor/laravel/framework/src/Illuminate/Pipeline/Pipeline.php(171): Fideloper\\Proxy\\TrustProxies->handle(Object(Illuminate\\Http\\Request), Object(Closure))
#63 /media/piyal/Project Lab/workplace/Laravel auth/hilltourismfullandfinal/hilltourismbd_2.1/vendor/laravel/framework/src/Illuminate/Pipeline/Pipeline.php(105): Illuminate\\Pipeline\\Pipeline->Illuminate\\Pipeline\\{closure}(Object(Illuminate\\Http\\Request))
#64 /media/piyal/Project Lab/workplace/Laravel auth/hilltourismfullandfinal/hilltourismbd_2.1/vendor/laravel/framework/src/Illuminate/Foundation/Http/Kernel.php(145): Illuminate\\Pipeline\\Pipeline->then(Object(Closure))
#65 /media/piyal/Project Lab/workplace/Laravel auth/hilltourismfullandfinal/hilltourismbd_2.1/vendor/laravel/framework/src/Illuminate/Foundation/Http/Kernel.php(110): Illuminate\\Foundation\\Http\\Kernel->sendRequestThroughRouter(Object(Illuminate\\Http\\Request))
#66 /media/piyal/Project Lab/workplace/Laravel auth/hilltourismfullandfinal/hilltourismbd_2.1/public/index.php(55): Illuminate\\Foundation\\Http\\Kernel->handle(Object(Illuminate\\Http\\Request))
#67 /media/piyal/Project Lab/workplace/Laravel auth/hilltourismfullandfinal/hilltourismbd_2.1/server.php(21): require_once('/media/piyal/Pr...')
#68 {main}

[previous exception] [object] (ErrorException(code: 0): Undefined index: booking_condition at /media/piyal/Project Lab/workplace/Laravel auth/hilltourismfullandfinal/hilltourismbd_2.1/storage/framework/views/7c08ab90229f9d3fa770f31eeef2ae248d3a5291.php:354)
[stacktrace]
#0 /media/piyal/Project Lab/workplace/Laravel auth/hilltourismfullandfinal/hilltourismbd_2.1/storage/framework/views/7c08ab90229f9d3fa770f31eeef2ae248d3a5291.php(354): Illuminate\\Foundation\\Bootstrap\\HandleExceptions->handleError(8, 'Undefined index...', '/media/piyal/Pr...', 354, Array)
#1 /media/piyal/Project Lab/workplace/Laravel auth/hilltourismfullandfinal/hilltourismbd_2.1/vendor/laravel/framework/src/Illuminate/View/Engines/PhpEngine.php(43): include('/media/piyal/Pr...')
#2 /media/piyal/Project Lab/workplace/Laravel auth/hilltourismfullandfinal/hilltourismbd_2.1/vendor/laravel/framework/src/Illuminate/View/Engines/CompilerEngine.php(59): Illuminate\\View\\Engines\\PhpEngine->evaluatePath('/media/piyal/Pr...', Array)
#3 /media/piyal/Project Lab/workplace/Laravel auth/hilltourismfullandfinal/hilltourismbd_2.1/vendor/facade/ignition/src/Views/Engines/CompilerEngine.php(36): Illuminate\\View\\Engines\\CompilerEngine->get('/media/piyal/Pr...', Array)
#4 /media/piyal/Project Lab/workplace/Laravel auth/hilltourismfullandfinal/hilltourismbd_2.1/vendor/laravel/framework/src/Illuminate/View/View.php(143): Facade\\Ignition\\Views\\Engines\\CompilerEngine->get('/media/piyal/Pr...', Array)
#5 /media/piyal/Project Lab/workplace/Laravel auth/hilltourismfullandfinal/hilltourismbd_2.1/vendor/laravel/framework/src/Illuminate/View/View.php(126): Illuminate\\View\\View->getContents()
#6 /media/piyal/Project Lab/workplace/Laravel auth/hilltourismfullandfinal/hilltourismbd_2.1/vendor/laravel/framework/src/Illuminate/View/View.php(91): Illuminate\\View\\View->renderContents()
#7 /media/piyal/Project Lab/workplace/Laravel auth/hilltourismfullandfinal/hilltourismbd_2.1/vendor/barryvdh/laravel-dompdf/src/PDF.php(119): Illuminate\\View\\View->render()
#8 /media/piyal/Project Lab/workplace/Laravel auth/hilltourismfullandfinal/hilltourismbd_2.1/vendor/barryvdh/laravel-dompdf/src/Facade.php(31): Barryvdh\\DomPDF\\PDF->loadView('mail.hotel-invo...', Array)
#9 /media/piyal/Project Lab/workplace/Laravel auth/hilltourismfullandfinal/hilltourismbd_2.1/app/CustomDir/InvoiceGenerator.php(10): Barryvdh\\DomPDF\\Facade::__callStatic('loadView', Array)
#10 /media/piyal/Project Lab/workplace/Laravel auth/hilltourismfullandfinal/hilltourismbd_2.1/app/Http/Controllers/HotelBookingController/HotelBookByReceiptionist.php(424): App\\CustomDir\\InvoiceGenerator::getHotelpdfInvoice(Array)
#11 [internal function]: App\\Http\\Controllers\\HotelBookingController\\HotelBookByReceiptionist->roomreservedcomfirm(Object(Illuminate\\Http\\Request))
#12 /media/piyal/Project Lab/workplace/Laravel auth/hilltourismfullandfinal/hilltourismbd_2.1/vendor/laravel/framework/src/Illuminate/Routing/Controller.php(54): call_user_func_array(Array, Array)
#13 /media/piyal/Project Lab/workplace/Laravel auth/hilltourismfullandfinal/hilltourismbd_2.1/vendor/laravel/framework/src/Illuminate/Routing/ControllerDispatcher.php(45): Illuminate\\Routing\\Controller->callAction('roomreservedcom...', Array)
#14 /media/piyal/Project Lab/workplace/Laravel auth/hilltourismfullandfinal/hilltourismbd_2.1/vendor/laravel/framework/src/Illuminate/Routing/Route.php(219): Illuminate\\Routing\\ControllerDispatcher->dispatch(Object(Illuminate\\Routing\\Route), Object(App\\Http\\Controllers\\HotelBookingController\\HotelBookByReceiptionist), 'roomreservedcom...')
#15 /media/piyal/Project Lab/workplace/Laravel auth/hilltourismfullandfinal/hilltourismbd_2.1/vendor/laravel/framework/src/Illuminate/Routing/Route.php(176): Illuminate\\Routing\\Route->runController()
#16 /media/piyal/Project Lab/workplace/Laravel auth/hilltourismfullandfinal/hilltourismbd_2.1/vendor/laravel/framework/src/Illuminate/Routing/Router.php(681): Illuminate\\Routing\\Route->run()
#17 /media/piyal/Project Lab/workplace/Laravel auth/hilltourismfullandfinal/hilltourismbd_2.1/vendor/laravel/framework/src/Illuminate/Pipeline/Pipeline.php(130): Illuminate\\Routing\\Router->Illuminate\\Routing\\{closure}(Object(Illuminate\\Http\\Request))
#18 /media/piyal/Project Lab/workplace/Laravel auth/hilltourismfullandfinal/hilltourismbd_2.1/vendor/renatomarinho/laravel-page-speed/src/Middleware/PageSpeed.php(28): Illuminate\\Pipeline\\Pipeline->Illuminate\\Pipeline\\{closure}(Object(Illuminate\\Http\\Request))
#19 /media/piyal/Project Lab/workplace/Laravel auth/hilltourismfullandfinal/hilltourismbd_2.1/vendor/laravel/framework/src/Illuminate/Pipeline/Pipeline.php(171): RenatoMarinho\\LaravelPageSpeed\\Middleware\\PageSpeed->handle(Object(Illuminate\\Http\\Request), Object(Closure))
#20 /media/piyal/Project Lab/workplace/Laravel auth/hilltourismfullandfinal/hilltourismbd_2.1/vendor/renatomarinho/laravel-page-speed/src/Middleware/PageSpeed.php(28): Illuminate\\Pipeline\\Pipeline->Illuminate\\Pipeline\\{closure}(Object(Illuminate\\Http\\Request))
#21 /media/piyal/Project Lab/workplace/Laravel auth/hilltourismfullandfinal/hilltourismbd_2.1/vendor/laravel/framework/src/Illuminate/Pipeline/Pipeline.php(171): RenatoMarinho\\LaravelPageSpeed\\Middleware\\PageSpeed->handle(Object(Illuminate\\Http\\Request), Object(Closure))
#22 /media/piyal/Project Lab/workplace/Laravel auth/hilltourismfullandfinal/hilltourismbd_2.1/vendor/renatomarinho/laravel-page-speed/src/Middleware/PageSpeed.php(28): Illuminate\\Pipeline\\Pipeline->Illuminate\\Pipeline\\{closure}(Object(Illuminate\\Http\\Request))
#23 /media/piyal/Project Lab/workplace/Laravel auth/hilltourismfullandfinal/hilltourismbd_2.1/vendor/laravel/framework/src/Illuminate/Pipeline/Pipeline.php(171): RenatoMarinho\\LaravelPageSpeed\\Middleware\\PageSpeed->handle(Object(Illuminate\\Http\\Request), Object(Closure))
#24 /media/piyal/Project Lab/workplace/Laravel auth/hilltourismfullandfinal/hilltourismbd_2.1/vendor/renatomarinho/laravel-page-speed/src/Middleware/PageSpeed.php(28): Illuminate\\Pipeline\\Pipeline->Illuminate\\Pipeline\\{closure}(Object(Illuminate\\Http\\Request))
#25 /media/piyal/Project Lab/workplace/Laravel auth/hilltourismfullandfinal/hilltourismbd_2.1/vendor/laravel/framework/src/Illuminate/Pipeline/Pipeline.php(171): RenatoMarinho\\LaravelPageSpeed\\Middleware\\PageSpeed->handle(Object(Illuminate\\Http\\Request), Object(Closure))
#26 /media/piyal/Project Lab/workplace/Laravel auth/hilltourismfullandfinal/hilltourismbd_2.1/vendor/renatomarinho/laravel-page-speed/src/Middleware/PageSpeed.php(28): Illuminate\\Pipeline\\Pipeline->Illuminate\\Pipeline\\{closure}(Object(Illuminate\\Http\\Request))
#27 /media/piyal/Project Lab/workplace/Laravel auth/hilltourismfullandfinal/hilltourismbd_2.1/vendor/laravel/framework/src/Illuminate/Pipeline/Pipeline.php(171): RenatoMarinho\\LaravelPageSpeed\\Middleware\\PageSpeed->handle(Object(Illuminate\\Http\\Request), Object(Closure))
#28 /media/piyal/Project Lab/workplace/Laravel auth/hilltourismfullandfinal/hilltourismbd_2.1/vendor/renatomarinho/laravel-page-speed/src/Middleware/PageSpeed.php(28): Illuminate\\Pipeline\\Pipeline->Illuminate\\Pipeline\\{closure}(Object(Illuminate\\Http\\Request))
#29 /media/piyal/Project Lab/workplace/Laravel auth/hilltourismfullandfinal/hilltourismbd_2.1/vendor/laravel/framework/src/Illuminate/Pipeline/Pipeline.php(171): RenatoMarinho\\LaravelPageSpeed\\Middleware\\PageSpeed->handle(Object(Illuminate\\Http\\Request), Object(Closure))
#30 /media/piyal/Project Lab/workplace/Laravel auth/hilltourismfullandfinal/hilltourismbd_2.1/vendor/renatomarinho/laravel-page-speed/src/Middleware/PageSpeed.php(28): Illuminate\\Pipeline\\Pipeline->Illuminate\\Pipeline\\{closure}(Object(Illuminate\\Http\\Request))
#31 /media/piyal/Project Lab/workplace/Laravel auth/hilltourismfullandfinal/hilltourismbd_2.1/vendor/laravel/framework/src/Illuminate/Pipeline/Pipeline.php(171): RenatoMarinho\\LaravelPageSpeed\\Middleware\\PageSpeed->handle(Object(Illuminate\\Http\\Request), Object(Closure))
#32 /media/piyal/Project Lab/workplace/Laravel auth/hilltourismfullandfinal/hilltourismbd_2.1/vendor/laravel/framework/src/Illuminate/Routing/Middleware/SubstituteBindings.php(41): Illuminate\\Pipeline\\Pipeline->Illuminate\\Pipeline\\{closure}(Object(Illuminate\\Http\\Request))
#33 /media/piyal/Project Lab/workplace/Laravel auth/hilltourismfullandfinal/hilltourismbd_2.1/vendor/laravel/framework/src/Illuminate/Pipeline/Pipeline.php(171): Illuminate\\Routing\\Middleware\\SubstituteBindings->handle(Object(Illuminate\\Http\\Request), Object(Closure))
#34 /media/piyal/Project Lab/workplace/Laravel auth/hilltourismfullandfinal/hilltourismbd_2.1/vendor/laravel/framework/src/Illuminate/Auth/Middleware/Authenticate.php(43): Illuminate\\Pipeline\\Pipeline->Illuminate\\Pipeline\\{closure}(Object(Illuminate\\Http\\Request))
#35 /media/piyal/Project Lab/workplace/Laravel auth/hilltourismfullandfinal/hilltourismbd_2.1/vendor/laravel/framework/src/Illuminate/Pipeline/Pipeline.php(171): Illuminate\\Auth\\Middleware\\Authenticate->handle(Object(Illuminate\\Http\\Request), Object(Closure), 'web')
#36 /media/piyal/Project Lab/workplace/Laravel auth/hilltourismfullandfinal/hilltourismbd_2.1/vendor/laravel/framework/src/Illuminate/Foundation/Http/Middleware/VerifyCsrfToken.php(76): Illuminate\\Pipeline\\Pipeline->Illuminate\\Pipeline\\{closure}(Object(Illuminate\\Http\\Request))
#37 /media/piyal/Project Lab/workplace/Laravel auth/hilltourismfullandfinal/hilltourismbd_2.1/vendor/laravel/framework/src/Illuminate/Pipeline/Pipeline.php(171): Illuminate\\Foundation\\Http\\Middleware\\VerifyCsrfToken->handle(Object(Illuminate\\Http\\Request), Object(Closure))
#38 /media/piyal/Project Lab/workplace/Laravel auth/hilltourismfullandfinal/hilltourismbd_2.1/vendor/laravel/framework/src/Illuminate/View/Middleware/ShareErrorsFromSession.php(49): Illuminate\\Pipeline\\Pipeline->Illuminate\\Pipeline\\{closure}(Object(Illuminate\\Http\\Request))
#39 /media/piyal/Project Lab/workplace/Laravel auth/hilltourismfullandfinal/hilltourismbd_2.1/vendor/laravel/framework/src/Illuminate/Pipeline/Pipeline.php(171): Illuminate\\View\\Middleware\\ShareErrorsFromSession->handle(Object(Illuminate\\Http\\Request), Object(Closure))
#40 /media/piyal/Project Lab/workplace/Laravel auth/hilltourismfullandfinal/hilltourismbd_2.1/vendor/laravel/framework/src/Illuminate/Session/Middleware/StartSession.php(56): Illuminate\\Pipeline\\Pipeline->Illuminate\\Pipeline\\{closure}(Object(Illuminate\\Http\\Request))
#41 /media/piyal/Project Lab/workplace/Laravel auth/hilltourismfullandfinal/hilltourismbd_2.1/vendor/laravel/framework/src/Illuminate/Pipeline/Pipeline.php(171): Illuminate\\Session\\Middleware\\StartSession->handle(Object(Illuminate\\Http\\Request), Object(Closure))
#42 /media/piyal/Project Lab/workplace/Laravel auth/hilltourismfullandfinal/hilltourismbd_2.1/vendor/laravel/framework/src/Illuminate/Cookie/Middleware/AddQueuedCookiesToResponse.php(37): Illuminate\\Pipeline\\Pipeline->Illuminate\\Pipeline\\{closure}(Object(Illuminate\\Http\\Request))
#43 /media/piyal/Project Lab/workplace/Laravel auth/hilltourismfullandfinal/hilltourismbd_2.1/vendor/laravel/framework/src/Illuminate/Pipeline/Pipeline.php(171): Illuminate\\Cookie\\Middleware\\AddQueuedCookiesToResponse->handle(Object(Illuminate\\Http\\Request), Object(Closure))
#44 /media/piyal/Project Lab/workplace/Laravel auth/hilltourismfullandfinal/hilltourismbd_2.1/vendor/laravel/framework/src/Illuminate/Cookie/Middleware/EncryptCookies.php(66): Illuminate\\Pipeline\\Pipeline->Illuminate\\Pipeline\\{closure}(Object(Illuminate\\Http\\Request))
#45 /media/piyal/Project Lab/workplace/Laravel auth/hilltourismfullandfinal/hilltourismbd_2.1/vendor/laravel/framework/src/Illuminate/Pipeline/Pipeline.php(171): Illuminate\\Cookie\\Middleware\\EncryptCookies->handle(Object(Illuminate\\Http\\Request), Object(Closure))
#46 /media/piyal/Project Lab/workplace/Laravel auth/hilltourismfullandfinal/hilltourismbd_2.1/vendor/laravel/framework/src/Illuminate/Pipeline/Pipeline.php(105): Illuminate\\Pipeline\\Pipeline->Illuminate\\Pipeline\\{closure}(Object(Illuminate\\Http\\Request))
#47 /media/piyal/Project Lab/workplace/Laravel auth/hilltourismfullandfinal/hilltourismbd_2.1/vendor/laravel/framework/src/Illuminate/Routing/Router.php(683): Illuminate\\Pipeline\\Pipeline->then(Object(Closure))
#48 /media/piyal/Project Lab/workplace/Laravel auth/hilltourismfullandfinal/hilltourismbd_2.1/vendor/laravel/framework/src/Illuminate/Routing/Router.php(658): Illuminate\\Routing\\Router->runRouteWithinStack(Object(Illuminate\\Routing\\Route), Object(Illuminate\\Http\\Request))
#49 /media/piyal/Project Lab/workplace/Laravel auth/hilltourismfullandfinal/hilltourismbd_2.1/vendor/laravel/framework/src/Illuminate/Routing/Router.php(624): Illuminate\\Routing\\Router->runRoute(Object(Illuminate\\Http\\Request), Object(Illuminate\\Routing\\Route))
#50 /media/piyal/Project Lab/workplace/Laravel auth/hilltourismfullandfinal/hilltourismbd_2.1/vendor/laravel/framework/src/Illuminate/Routing/Router.php(613): Illuminate\\Routing\\Router->dispatchToRoute(Object(Illuminate\\Http\\Request))
#51 /media/piyal/Project Lab/workplace/Laravel auth/hilltourismfullandfinal/hilltourismbd_2.1/vendor/laravel/framework/src/Illuminate/Foundation/Http/Kernel.php(170): Illuminate\\Routing\\Router->dispatch(Object(Illuminate\\Http\\Request))
#52 /media/piyal/Project Lab/workplace/Laravel auth/hilltourismfullandfinal/hilltourismbd_2.1/vendor/laravel/framework/src/Illuminate/Pipeline/Pipeline.php(130): Illuminate\\Foundation\\Http\\Kernel->Illuminate\\Foundation\\Http\\{closure}(Object(Illuminate\\Http\\Request))
#53 /media/piyal/Project Lab/workplace/Laravel auth/hilltourismfullandfinal/hilltourismbd_2.1/vendor/laravel/framework/src/Illuminate/Foundation/Http/Middleware/TransformsRequest.php(21): Illuminate\\Pipeline\\Pipeline->Illuminate\\Pipeline\\{closure}(Object(Illuminate\\Http\\Request))
#54 /media/piyal/Project Lab/workplace/Laravel auth/hilltourismfullandfinal/hilltourismbd_2.1/vendor/laravel/framework/src/Illuminate/Pipeline/Pipeline.php(171): Illuminate\\Foundation\\Http\\Middleware\\TransformsRequest->handle(Object(Illuminate\\Http\\Request), Object(Closure))
#55 /media/piyal/Project Lab/workplace/Laravel auth/hilltourismfullandfinal/hilltourismbd_2.1/vendor/laravel/framework/src/Illuminate/Foundation/Http/Middleware/TransformsRequest.php(21): Illuminate\\Pipeline\\Pipeline->Illuminate\\Pipeline\\{closure}(Object(Illuminate\\Http\\Request))
#56 /media/piyal/Project Lab/workplace/Laravel auth/hilltourismfullandfinal/hilltourismbd_2.1/vendor/laravel/framework/src/Illuminate/Pipeline/Pipeline.php(171): Illuminate\\Foundation\\Http\\Middleware\\TransformsRequest->handle(Object(Illuminate\\Http\\Request), Object(Closure))
#57 /media/piyal/Project Lab/workplace/Laravel auth/hilltourismfullandfinal/hilltourismbd_2.1/vendor/laravel/framework/src/Illuminate/Foundation/Http/Middleware/ValidatePostSize.php(27): Illuminate\\Pipeline\\Pipeline->Illuminate\\Pipeline\\{closure}(Object(Illuminate\\Http\\Request))
#58 /media/piyal/Project Lab/workplace/Laravel auth/hilltourismfullandfinal/hilltourismbd_2.1/vendor/laravel/framework/src/Illuminate/Pipeline/Pipeline.php(171): Illuminate\\Foundation\\Http\\Middleware\\ValidatePostSize->handle(Object(Illuminate\\Http\\Request), Object(Closure))
#59 /media/piyal/Project Lab/workplace/Laravel auth/hilltourismfullandfinal/hilltourismbd_2.1/vendor/laravel/framework/src/Illuminate/Foundation/Http/Middleware/CheckForMaintenanceMode.php(63): Illuminate\\Pipeline\\Pipeline->Illuminate\\Pipeline\\{closure}(Object(Illuminate\\Http\\Request))
#60 /media/piyal/Project Lab/workplace/Laravel auth/hilltourismfullandfinal/hilltourismbd_2.1/vendor/laravel/framework/src/Illuminate/Pipeline/Pipeline.php(171): Illuminate\\Foundation\\Http\\Middleware\\CheckForMaintenanceMode->handle(Object(Illuminate\\Http\\Request), Object(Closure))
#61 /media/piyal/Project Lab/workplace/Laravel auth/hilltourismfullandfinal/hilltourismbd_2.1/vendor/fideloper/proxy/src/TrustProxies.php(57): Illuminate\\Pipeline\\Pipeline->Illuminate\\Pipeline\\{closure}(Object(Illuminate\\Http\\Request))
#62 /media/piyal/Project Lab/workplace/Laravel auth/hilltourismfullandfinal/hilltourismbd_2.1/vendor/laravel/framework/src/Illuminate/Pipeline/Pipeline.php(171): Fideloper\\Proxy\\TrustProxies->handle(Object(Illuminate\\Http\\Request), Object(Closure))
#63 /media/piyal/Project Lab/workplace/Laravel auth/hilltourismfullandfinal/hilltourismbd_2.1/vendor/laravel/framework/src/Illuminate/Pipeline/Pipeline.php(105): Illuminate\\Pipeline\\Pipeline->Illuminate\\Pipeline\\{closure}(Object(Illuminate\\Http\\Request))
#64 /media/piyal/Project Lab/workplace/Laravel auth/hilltourismfullandfinal/hilltourismbd_2.1/vendor/laravel/framework/src/Illuminate/Foundation/Http/Kernel.php(145): Illuminate\\Pipeline\\Pipeline->then(Object(Closure))
#65 /media/piyal/Project Lab/workplace/Laravel auth/hilltourismfullandfinal/hilltourismbd_2.1/vendor/laravel/framework/src/Illuminate/Foundation/Http/Kernel.php(110): Illuminate\\Foundation\\Http\\Kernel->sendRequestThroughRouter(Object(Illuminate\\Http\\Request))
#66 /media/piyal/Project Lab/workplace/Laravel auth/hilltourismfullandfinal/hilltourismbd_2.1/public/index.php(55): Illuminate\\Foundation\\Http\\Kernel->handle(Object(Illuminate\\Http\\Request))
#67 /media/piyal/Project Lab/workplace/Laravel auth/hilltourismfullandfinal/hilltourismbd_2.1/server.php(21): require_once('/media/piyal/Pr...')
#68 {main}
"} 
