[2020-03-03 18:49:28] local.ERROR: could not find driver (SQL: select * from information_schema.tables where table_schema = hilltourism and table_name = migrations and table_type = 'BASE TABLE') {"exception":"[object] (Illuminate\\Database\\QueryException(code: 0): could not find driver (SQL: select * from information_schema.tables where table_schema = hilltourism and table_name = migrations and table_type = 'BASE TABLE') at /media/piyal/Project/workplace/Laravel auth/hilltourismfullandfinal/hilltourismbd_2.1/vendor/laravel/framework/src/Illuminate/Database/Connection.php:669)
[stacktrace]
#0 /media/piyal/Project/workplace/Laravel auth/hilltourismfullandfinal/hilltourismbd_2.1/vendor/laravel/framework/src/Illuminate/Database/Connection.php(629): Illuminate\\Database\\Connection->runQueryCallback('select * from i...', Array, Object(Closure))
#1 /media/piyal/Project/workplace/Laravel auth/hilltourismfullandfinal/hilltourismbd_2.1/vendor/laravel/framework/src/Illuminate/Database/Connection.php(338): Illuminate\\Database\\Connection->run('select * from i...', Array, Object(Closure))
#2 /media/piyal/Project/workplace/Laravel auth/hilltourismfullandfinal/hilltourismbd_2.1/vendor/laravel/framework/src/Illuminate/Database/Schema/MySqlBuilder.php(18): Illuminate\\Database\\Connection->select('select * from i...', Array)
#3 /media/piyal/Project/workplace/Laravel auth/hilltourismfullandfinal/hilltourismbd_2.1/vendor/laravel/framework/src/Illuminate/Database/Migrations/DatabaseMigrationRepository.php(169): Illuminate\\Database\\Schema\\MySqlBuilder->hasTable('migrations')
#4 /media/piyal/Project/workplace/Laravel auth/hilltourismfullandfinal/hilltourismbd_2.1/vendor/laravel/framework/src/Illuminate/Database/Migrations/Migrator.php(585): Illuminate\\Database\\Migrations\\DatabaseMigrationRepository->repositoryExists()
#5 /media/piyal/Project/workplace/Laravel auth/hilltourismfullandfinal/hilltourismbd_2.1/vendor/laravel/framework/src/Illuminate/Database/Console/Migrations/MigrateCommand.php(91): Illuminate\\Database\\Migrations\\Migrator->repositoryExists()
#6 /media/piyal/Project/workplace/Laravel auth/hilltourismfullandfinal/hilltourismbd_2.1/vendor/laravel/framework/src/Illuminate/Database/Console/Migrations/MigrateCommand.php(63): Illuminate\\Database\\Console\\Migrations\\MigrateCommand->prepareDatabase()
#7 [internal function]: Illuminate\\Database\\Console\\Migrations\\MigrateCommand->handle()
#8 /media/piyal/Project/workplace/Laravel auth/hilltourismfullandfinal/hilltourismbd_2.1/vendor/laravel/framework/src/Illuminate/Container/BoundMethod.php(32): call_user_func_array(Array, Array)
#9 /media/piyal/Project/workplace/Laravel auth/hilltourismfullandfinal/hilltourismbd_2.1/vendor/laravel/framework/src/Illuminate/Container/Util.php(36): Illuminate\\Container\\BoundMethod::Illuminate\\Container\\{closure}()
#10 /media/piyal/Project/workplace/Laravel auth/hilltourismfullandfinal/hilltourismbd_2.1/vendor/laravel/framework/src/Illuminate/Container/BoundMethod.php(90): Illuminate\\Container\\Util::unwrapIfClosure(Object(Closure))
#11 /media/piyal/Project/workplace/Laravel auth/hilltourismfullandfinal/hilltourismbd_2.1/vendor/laravel/framework/src/Illuminate/Container/BoundMethod.php(34): Illuminate\\Container\\BoundMethod::callBoundMethod(Object(Illuminate\\Foundation\\Application), Array, Object(Closure))
#12 /media/piyal/Project/workplace/Laravel auth/hilltourismfullandfinal/hilltourismbd_2.1/vendor/laravel/framework/src/Illuminate/Container/Container.php(590): Illuminate\\Container\\BoundMethod::call(Object(Illuminate\\Foundation\\Application), Array, Array, NULL)
#13 /media/piyal/Project/workplace/Laravel auth/hilltourismfullandfinal/hilltourismbd_2.1/vendor/laravel/framework/src/Illuminate/Console/Command.php(201): Illuminate\\Container\\Container->call(Array)
#14 /media/piyal/Project/workplace/Laravel auth/hilltourismfullandfinal/hilltourismbd_2.1/vendor/symfony/console/Command/Command.php(255): Illuminate\\Console\\Command->execute(Object(Symfony\\Component\\Console\\Input\\ArgvInput), Object(Illuminate\\Console\\OutputStyle))
#15 /media/piyal/Project/workplace/Laravel auth/hilltourismfullandfinal/hilltourismbd_2.1/vendor/laravel/framework/src/Illuminate/Console/Command.php(188): Symfony\\Component\\Console\\Command\\Command->run(Object(Symfony\\Component\\Console\\Input\\ArgvInput), Object(Illuminate\\Console\\OutputStyle))
#16 /media/piyal/Project/workplace/Laravel auth/hilltourismfullandfinal/hilltourismbd_2.1/vendor/symfony/console/Application.php(1011): Illuminate\\Console\\Command->run(Object(Symfony\\Component\\Console\\Input\\ArgvInput), Object(Symfony\\Component\\Console\\Output\\ConsoleOutput))
#17 /media/piyal/Project/workplace/Laravel auth/hilltourismfullandfinal/hilltourismbd_2.1/vendor/symfony/console/Application.php(272): Symfony\\Component\\Console\\Application->doRunCommand(Object(Illuminate\\Database\\Console\\Migrations\\MigrateCommand), Object(Symfony\\Component\\Console\\Input\\ArgvInput), Object(Symfony\\Component\\Console\\Output\\ConsoleOutput))
#18 /media/piyal/Project/workplace/Laravel auth/hilltourismfullandfinal/hilltourismbd_2.1/vendor/symfony/console/Application.php(148): Symfony\\Component\\Console\\Application->doRun(Object(Symfony\\Component\\Console\\Input\\ArgvInput), Object(Symfony\\Component\\Console\\Output\\ConsoleOutput))
#19 /media/piyal/Project/workplace/Laravel auth/hilltourismfullandfinal/hilltourismbd_2.1/vendor/laravel/framework/src/Illuminate/Console/Application.php(93): Symfony\\Component\\Console\\Application->run(Object(Symfony\\Component\\Console\\Input\\ArgvInput), Object(Symfony\\Component\\Console\\Output\\ConsoleOutput))
#20 /media/piyal/Project/workplace/Laravel auth/hilltourismfullandfinal/hilltourismbd_2.1/vendor/laravel/framework/src/Illuminate/Foundation/Console/Kernel.php(131): Illuminate\\Console\\Application->run(Object(Symfony\\Component\\Console\\Input\\ArgvInput), Object(Symfony\\Component\\Console\\Output\\ConsoleOutput))
#21 /media/piyal/Project/workplace/Laravel auth/hilltourismfullandfinal/hilltourismbd_2.1/artisan(37): Illuminate\\Foundation\\Console\\Kernel->handle(Object(Symfony\\Component\\Console\\Input\\ArgvInput), Object(Symfony\\Component\\Console\\Output\\ConsoleOutput))
#22 {main}

[previous exception] [object] (PDOException(code: 0): could not find driver at /media/piyal/Project/workplace/Laravel auth/hilltourismfullandfinal/hilltourismbd_2.1/vendor/laravel/framework/src/Illuminate/Database/Connectors/Connector.php:70)
[stacktrace]
#0 /media/piyal/Project/workplace/Laravel auth/hilltourismfullandfinal/hilltourismbd_2.1/vendor/laravel/framework/src/Illuminate/Database/Connectors/Connector.php(70): PDO->__construct('mysql:host=127....', 'root', '', Array)
#1 /media/piyal/Project/workplace/Laravel auth/hilltourismfullandfinal/hilltourismbd_2.1/vendor/laravel/framework/src/Illuminate/Database/Connectors/Connector.php(46): Illuminate\\Database\\Connectors\\Connector->createPdoConnection('mysql:host=127....', 'root', '', Array)
#2 /media/piyal/Project/workplace/Laravel auth/hilltourismfullandfinal/hilltourismbd_2.1/vendor/laravel/framework/src/Illuminate/Database/Connectors/MySqlConnector.php(24): Illuminate\\Database\\Connectors\\Connector->createConnection('mysql:host=127....', Array, Array)
#3 /media/piyal/Project/workplace/Laravel auth/hilltourismfullandfinal/hilltourismbd_2.1/vendor/laravel/framework/src/Illuminate/Database/Connectors/ConnectionFactory.php(182): Illuminate\\Database\\Connectors\\MySqlConnector->connect(Array)
#4 [internal function]: Illuminate\\Database\\Connectors\\ConnectionFactory->Illuminate\\Database\\Connectors\\{closure}()
#5 /media/piyal/Project/workplace/Laravel auth/hilltourismfullandfinal/hilltourismbd_2.1/vendor/laravel/framework/src/Illuminate/Database/Connection.php(924): call_user_func(Object(Closure))
#6 /media/piyal/Project/workplace/Laravel auth/hilltourismfullandfinal/hilltourismbd_2.1/vendor/laravel/framework/src/Illuminate/Database/Connection.php(959): Illuminate\\Database\\Connection->getPdo()
#7 /media/piyal/Project/workplace/Laravel auth/hilltourismfullandfinal/hilltourismbd_2.1/vendor/laravel/framework/src/Illuminate/Database/Connection.php(404): Illuminate\\Database\\Connection->getReadPdo()
#8 /media/piyal/Project/workplace/Laravel auth/hilltourismfullandfinal/hilltourismbd_2.1/vendor/laravel/framework/src/Illuminate/Database/Connection.php(330): Illuminate\\Database\\Connection->getPdoForSelect(true)
#9 /media/piyal/Project/workplace/Laravel auth/hilltourismfullandfinal/hilltourismbd_2.1/vendor/laravel/framework/src/Illuminate/Database/Connection.php(662): Illuminate\\Database\\Connection->Illuminate\\Database\\{closure}('select * from i...', Array)
#10 /media/piyal/Project/workplace/Laravel auth/hilltourismfullandfinal/hilltourismbd_2.1/vendor/laravel/framework/src/Illuminate/Database/Connection.php(629): Illuminate\\Database\\Connection->runQueryCallback('select * from i...', Array, Object(Closure))
#11 /media/piyal/Project/workplace/Laravel auth/hilltourismfullandfinal/hilltourismbd_2.1/vendor/laravel/framework/src/Illuminate/Database/Connection.php(338): Illuminate\\Database\\Connection->run('select * from i...', Array, Object(Closure))
#12 /media/piyal/Project/workplace/Laravel auth/hilltourismfullandfinal/hilltourismbd_2.1/vendor/laravel/framework/src/Illuminate/Database/Schema/MySqlBuilder.php(18): Illuminate\\Database\\Connection->select('select * from i...', Array)
#13 /media/piyal/Project/workplace/Laravel auth/hilltourismfullandfinal/hilltourismbd_2.1/vendor/laravel/framework/src/Illuminate/Database/Migrations/DatabaseMigrationRepository.php(169): Illuminate\\Database\\Schema\\MySqlBuilder->hasTable('migrations')
#14 /media/piyal/Project/workplace/Laravel auth/hilltourismfullandfinal/hilltourismbd_2.1/vendor/laravel/framework/src/Illuminate/Database/Migrations/Migrator.php(585): Illuminate\\Database\\Migrations\\DatabaseMigrationRepository->repositoryExists()
#15 /media/piyal/Project/workplace/Laravel auth/hilltourismfullandfinal/hilltourismbd_2.1/vendor/laravel/framework/src/Illuminate/Database/Console/Migrations/MigrateCommand.php(91): Illuminate\\Database\\Migrations\\Migrator->repositoryExists()
#16 /media/piyal/Project/workplace/Laravel auth/hilltourismfullandfinal/hilltourismbd_2.1/vendor/laravel/framework/src/Illuminate/Database/Console/Migrations/MigrateCommand.php(63): Illuminate\\Database\\Console\\Migrations\\MigrateCommand->prepareDatabase()
#17 [internal function]: Illuminate\\Database\\Console\\Migrations\\MigrateCommand->handle()
#18 /media/piyal/Project/workplace/Laravel auth/hilltourismfullandfinal/hilltourismbd_2.1/vendor/laravel/framework/src/Illuminate/Container/BoundMethod.php(32): call_user_func_array(Array, Array)
#19 /media/piyal/Project/workplace/Laravel auth/hilltourismfullandfinal/hilltourismbd_2.1/vendor/laravel/framework/src/Illuminate/Container/Util.php(36): Illuminate\\Container\\BoundMethod::Illuminate\\Container\\{closure}()
#20 /media/piyal/Project/workplace/Laravel auth/hilltourismfullandfinal/hilltourismbd_2.1/vendor/laravel/framework/src/Illuminate/Container/BoundMethod.php(90): Illuminate\\Container\\Util::unwrapIfClosure(Object(Closure))
#21 /media/piyal/Project/workplace/Laravel auth/hilltourismfullandfinal/hilltourismbd_2.1/vendor/laravel/framework/src/Illuminate/Container/BoundMethod.php(34): Illuminate\\Container\\BoundMethod::callBoundMethod(Object(Illuminate\\Foundation\\Application), Array, Object(Closure))
#22 /media/piyal/Project/workplace/Laravel auth/hilltourismfullandfinal/hilltourismbd_2.1/vendor/laravel/framework/src/Illuminate/Container/Container.php(590): Illuminate\\Container\\BoundMethod::call(Object(Illuminate\\Foundation\\Application), Array, Array, NULL)
#23 /media/piyal/Project/workplace/Laravel auth/hilltourismfullandfinal/hilltourismbd_2.1/vendor/laravel/framework/src/Illuminate/Console/Command.php(201): Illuminate\\Container\\Container->call(Array)
#24 /media/piyal/Project/workplace/Laravel auth/hilltourismfullandfinal/hilltourismbd_2.1/vendor/symfony/console/Command/Command.php(255): Illuminate\\Console\\Command->execute(Object(Symfony\\Component\\Console\\Input\\ArgvInput), Object(Illuminate\\Console\\OutputStyle))
#25 /media/piyal/Project/workplace/Laravel auth/hilltourismfullandfinal/hilltourismbd_2.1/vendor/laravel/framework/src/Illuminate/Console/Command.php(188): Symfony\\Component\\Console\\Command\\Command->run(Object(Symfony\\Component\\Console\\Input\\ArgvInput), Object(Illuminate\\Console\\OutputStyle))
#26 /media/piyal/Project/workplace/Laravel auth/hilltourismfullandfinal/hilltourismbd_2.1/vendor/symfony/console/Application.php(1011): Illuminate\\Console\\Command->run(Object(Symfony\\Component\\Console\\Input\\ArgvInput), Object(Symfony\\Component\\Console\\Output\\ConsoleOutput))
#27 /media/piyal/Project/workplace/Laravel auth/hilltourismfullandfinal/hilltourismbd_2.1/vendor/symfony/console/Application.php(272): Symfony\\Component\\Console\\Application->doRunCommand(Object(Illuminate\\Database\\Console\\Migrations\\MigrateCommand), Object(Symfony\\Component\\Console\\Input\\ArgvInput), Object(Symfony\\Component\\Console\\Output\\ConsoleOutput))
#28 /media/piyal/Project/workplace/Laravel auth/hilltourismfullandfinal/hilltourismbd_2.1/vendor/symfony/console/Application.php(148): Symfony\\Component\\Console\\Application->doRun(Object(Symfony\\Component\\Console\\Input\\ArgvInput), Object(Symfony\\Component\\Console\\Output\\ConsoleOutput))
#29 /media/piyal/Project/workplace/Laravel auth/hilltourismfullandfinal/hilltourismbd_2.1/vendor/laravel/framework/src/Illuminate/Console/Application.php(93): Symfony\\Component\\Console\\Application->run(Object(Symfony\\Component\\Console\\Input\\ArgvInput), Object(Symfony\\Component\\Console\\Output\\ConsoleOutput))
#30 /media/piyal/Project/workplace/Laravel auth/hilltourismfullandfinal/hilltourismbd_2.1/vendor/laravel/framework/src/Illuminate/Foundation/Console/Kernel.php(131): Illuminate\\Console\\Application->run(Object(Symfony\\Component\\Console\\Input\\ArgvInput), Object(Symfony\\Component\\Console\\Output\\ConsoleOutput))
#31 /media/piyal/Project/workplace/Laravel auth/hilltourismfullandfinal/hilltourismbd_2.1/artisan(37): Illuminate\\Foundation\\Console\\Kernel->handle(Object(Symfony\\Component\\Console\\Input\\ArgvInput), Object(Symfony\\Component\\Console\\Output\\ConsoleOutput))
#32 {main}
"} 
[2020-03-03 18:52:44] local.ERROR: could not find driver (SQL: select * from information_schema.tables where table_schema = hilltourism and table_name = migrations and table_type = 'BASE TABLE') {"exception":"[object] (Illuminate\\Database\\QueryException(code: 0): could not find driver (SQL: select * from information_schema.tables where table_schema = hilltourism and table_name = migrations and table_type = 'BASE TABLE') at /media/piyal/Project/workplace/Laravel auth/hilltourismfullandfinal/hilltourismbd_2.1/vendor/laravel/framework/src/Illuminate/Database/Connection.php:669)
[stacktrace]
#0 /media/piyal/Project/workplace/Laravel auth/hilltourismfullandfinal/hilltourismbd_2.1/vendor/laravel/framework/src/Illuminate/Database/Connection.php(629): Illuminate\\Database\\Connection->runQueryCallback('select * from i...', Array, Object(Closure))
#1 /media/piyal/Project/workplace/Laravel auth/hilltourismfullandfinal/hilltourismbd_2.1/vendor/laravel/framework/src/Illuminate/Database/Connection.php(338): Illuminate\\Database\\Connection->run('select * from i...', Array, Object(Closure))
#2 /media/piyal/Project/workplace/Laravel auth/hilltourismfullandfinal/hilltourismbd_2.1/vendor/laravel/framework/src/Illuminate/Database/Schema/MySqlBuilder.php(18): Illuminate\\Database\\Connection->select('select * from i...', Array)
#3 /media/piyal/Project/workplace/Laravel auth/hilltourismfullandfinal/hilltourismbd_2.1/vendor/laravel/framework/src/Illuminate/Database/Migrations/DatabaseMigrationRepository.php(169): Illuminate\\Database\\Schema\\MySqlBuilder->hasTable('migrations')
#4 /media/piyal/Project/workplace/Laravel auth/hilltourismfullandfinal/hilltourismbd_2.1/vendor/laravel/framework/src/Illuminate/Database/Migrations/Migrator.php(585): Illuminate\\Database\\Migrations\\DatabaseMigrationRepository->repositoryExists()
#5 /media/piyal/Project/workplace/Laravel auth/hilltourismfullandfinal/hilltourismbd_2.1/vendor/laravel/framework/src/Illuminate/Database/Console/Migrations/MigrateCommand.php(91): Illuminate\\Database\\Migrations\\Migrator->repositoryExists()
#6 /media/piyal/Project/workplace/Laravel auth/hilltourismfullandfinal/hilltourismbd_2.1/vendor/laravel/framework/src/Illuminate/Database/Console/Migrations/MigrateCommand.php(63): Illuminate\\Database\\Console\\Migrations\\MigrateCommand->prepareDatabase()
#7 [internal function]: Illuminate\\Database\\Console\\Migrations\\MigrateCommand->handle()
#8 /media/piyal/Project/workplace/Laravel auth/hilltourismfullandfinal/hilltourismbd_2.1/vendor/laravel/framework/src/Illuminate/Container/BoundMethod.php(32): call_user_func_array(Array, Array)
#9 /media/piyal/Project/workplace/Laravel auth/hilltourismfullandfinal/hilltourismbd_2.1/vendor/laravel/framework/src/Illuminate/Container/Util.php(36): Illuminate\\Container\\BoundMethod::Illuminate\\Container\\{closure}()
#10 /media/piyal/Project/workplace/Laravel auth/hilltourismfullandfinal/hilltourismbd_2.1/vendor/laravel/framework/src/Illuminate/Container/BoundMethod.php(90): Illuminate\\Container\\Util::unwrapIfClosure(Object(Closure))
#11 /media/piyal/Project/workplace/Laravel auth/hilltourismfullandfinal/hilltourismbd_2.1/vendor/laravel/framework/src/Illuminate/Container/BoundMethod.php(34): Illuminate\\Container\\BoundMethod::callBoundMethod(Object(Illuminate\\Foundation\\Application), Array, Object(Closure))
#12 /media/piyal/Project/workplace/Laravel auth/hilltourismfullandfinal/hilltourismbd_2.1/vendor/laravel/framework/src/Illuminate/Container/Container.php(590): Illuminate\\Container\\BoundMethod::call(Object(Illuminate\\Foundation\\Application), Array, Array, NULL)
#13 /media/piyal/Project/workplace/Laravel auth/hilltourismfullandfinal/hilltourismbd_2.1/vendor/laravel/framework/src/Illuminate/Console/Command.php(201): Illuminate\\Container\\Container->call(Array)
#14 /media/piyal/Project/workplace/Laravel auth/hilltourismfullandfinal/hilltourismbd_2.1/vendor/symfony/console/Command/Command.php(255): Illuminate\\Console\\Command->execute(Object(Symfony\\Component\\Console\\Input\\ArgvInput), Object(Illuminate\\Console\\OutputStyle))
#15 /media/piyal/Project/workplace/Laravel auth/hilltourismfullandfinal/hilltourismbd_2.1/vendor/laravel/framework/src/Illuminate/Console/Command.php(188): Symfony\\Component\\Console\\Command\\Command->run(Object(Symfony\\Component\\Console\\Input\\ArgvInput), Object(Illuminate\\Console\\OutputStyle))
#16 /media/piyal/Project/workplace/Laravel auth/hilltourismfullandfinal/hilltourismbd_2.1/vendor/symfony/console/Application.php(1011): Illuminate\\Console\\Command->run(Object(Symfony\\Component\\Console\\Input\\ArgvInput), Object(Symfony\\Component\\Console\\Output\\ConsoleOutput))
#17 /media/piyal/Project/workplace/Laravel auth/hilltourismfullandfinal/hilltourismbd_2.1/vendor/symfony/console/Application.php(272): Symfony\\Component\\Console\\Application->doRunCommand(Object(Illuminate\\Database\\Console\\Migrations\\MigrateCommand), Object(Symfony\\Component\\Console\\Input\\ArgvInput), Object(Symfony\\Component\\Console\\Output\\ConsoleOutput))
#18 /media/piyal/Project/workplace/Laravel auth/hilltourismfullandfinal/hilltourismbd_2.1/vendor/symfony/console/Application.php(148): Symfony\\Component\\Console\\Application->doRun(Object(Symfony\\Component\\Console\\Input\\ArgvInput), Object(Symfony\\Component\\Console\\Output\\ConsoleOutput))
#19 /media/piyal/Project/workplace/Laravel auth/hilltourismfullandfinal/hilltourismbd_2.1/vendor/laravel/framework/src/Illuminate/Console/Application.php(93): Symfony\\Component\\Console\\Application->run(Object(Symfony\\Component\\Console\\Input\\ArgvInput), Object(Symfony\\Component\\Console\\Output\\ConsoleOutput))
#20 /media/piyal/Project/workplace/Laravel auth/hilltourismfullandfinal/hilltourismbd_2.1/vendor/laravel/framework/src/Illuminate/Foundation/Console/Kernel.php(131): Illuminate\\Console\\Application->run(Object(Symfony\\Component\\Console\\Input\\ArgvInput), Object(Symfony\\Component\\Console\\Output\\ConsoleOutput))
#21 /media/piyal/Project/workplace/Laravel auth/hilltourismfullandfinal/hilltourismbd_2.1/artisan(37): Illuminate\\Foundation\\Console\\Kernel->handle(Object(Symfony\\Component\\Console\\Input\\ArgvInput), Object(Symfony\\Component\\Console\\Output\\ConsoleOutput))
#22 {main}

[previous exception] [object] (PDOException(code: 0): could not find driver at /media/piyal/Project/workplace/Laravel auth/hilltourismfullandfinal/hilltourismbd_2.1/vendor/laravel/framework/src/Illuminate/Database/Connectors/Connector.php:70)
[stacktrace]
#0 /media/piyal/Project/workplace/Laravel auth/hilltourismfullandfinal/hilltourismbd_2.1/vendor/laravel/framework/src/Illuminate/Database/Connectors/Connector.php(70): PDO->__construct('mysql:host=127....', 'root', '', Array)
#1 /media/piyal/Project/workplace/Laravel auth/hilltourismfullandfinal/hilltourismbd_2.1/vendor/laravel/framework/src/Illuminate/Database/Connectors/Connector.php(46): Illuminate\\Database\\Connectors\\Connector->createPdoConnection('mysql:host=127....', 'root', '', Array)
#2 /media/piyal/Project/workplace/Laravel auth/hilltourismfullandfinal/hilltourismbd_2.1/vendor/laravel/framework/src/Illuminate/Database/Connectors/MySqlConnector.php(24): Illuminate\\Database\\Connectors\\Connector->createConnection('mysql:host=127....', Array, Array)
#3 /media/piyal/Project/workplace/Laravel auth/hilltourismfullandfinal/hilltourismbd_2.1/vendor/laravel/framework/src/Illuminate/Database/Connectors/ConnectionFactory.php(182): Illuminate\\Database\\Connectors\\MySqlConnector->connect(Array)
#4 [internal function]: Illuminate\\Database\\Connectors\\ConnectionFactory->Illuminate\\Database\\Connectors\\{closure}()
#5 /media/piyal/Project/workplace/Laravel auth/hilltourismfullandfinal/hilltourismbd_2.1/vendor/laravel/framework/src/Illuminate/Database/Connection.php(924): call_user_func(Object(Closure))
#6 /media/piyal/Project/workplace/Laravel auth/hilltourismfullandfinal/hilltourismbd_2.1/vendor/laravel/framework/src/Illuminate/Database/Connection.php(959): Illuminate\\Database\\Connection->getPdo()
#7 /media/piyal/Project/workplace/Laravel auth/hilltourismfullandfinal/hilltourismbd_2.1/vendor/laravel/framework/src/Illuminate/Database/Connection.php(404): Illuminate\\Database\\Connection->getReadPdo()
#8 /media/piyal/Project/workplace/Laravel auth/hilltourismfullandfinal/hilltourismbd_2.1/vendor/laravel/framework/src/Illuminate/Database/Connection.php(330): Illuminate\\Database\\Connection->getPdoForSelect(true)
#9 /media/piyal/Project/workplace/Laravel auth/hilltourismfullandfinal/hilltourismbd_2.1/vendor/laravel/framework/src/Illuminate/Database/Connection.php(662): Illuminate\\Database\\Connection->Illuminate\\Database\\{closure}('select * from i...', Array)
#10 /media/piyal/Project/workplace/Laravel auth/hilltourismfullandfinal/hilltourismbd_2.1/vendor/laravel/framework/src/Illuminate/Database/Connection.php(629): Illuminate\\Database\\Connection->runQueryCallback('select * from i...', Array, Object(Closure))
#11 /media/piyal/Project/workplace/Laravel auth/hilltourismfullandfinal/hilltourismbd_2.1/vendor/laravel/framework/src/Illuminate/Database/Connection.php(338): Illuminate\\Database\\Connection->run('select * from i...', Array, Object(Closure))
#12 /media/piyal/Project/workplace/Laravel auth/hilltourismfullandfinal/hilltourismbd_2.1/vendor/laravel/framework/src/Illuminate/Database/Schema/MySqlBuilder.php(18): Illuminate\\Database\\Connection->select('select * from i...', Array)
#13 /media/piyal/Project/workplace/Laravel auth/hilltourismfullandfinal/hilltourismbd_2.1/vendor/laravel/framework/src/Illuminate/Database/Migrations/DatabaseMigrationRepository.php(169): Illuminate\\Database\\Schema\\MySqlBuilder->hasTable('migrations')
#14 /media/piyal/Project/workplace/Laravel auth/hilltourismfullandfinal/hilltourismbd_2.1/vendor/laravel/framework/src/Illuminate/Database/Migrations/Migrator.php(585): Illuminate\\Database\\Migrations\\DatabaseMigrationRepository->repositoryExists()
#15 /media/piyal/Project/workplace/Laravel auth/hilltourismfullandfinal/hilltourismbd_2.1/vendor/laravel/framework/src/Illuminate/Database/Console/Migrations/MigrateCommand.php(91): Illuminate\\Database\\Migrations\\Migrator->repositoryExists()
#16 /media/piyal/Project/workplace/Laravel auth/hilltourismfullandfinal/hilltourismbd_2.1/vendor/laravel/framework/src/Illuminate/Database/Console/Migrations/MigrateCommand.php(63): Illuminate\\Database\\Console\\Migrations\\MigrateCommand->prepareDatabase()
#17 [internal function]: Illuminate\\Database\\Console\\Migrations\\MigrateCommand->handle()
#18 /media/piyal/Project/workplace/Laravel auth/hilltourismfullandfinal/hilltourismbd_2.1/vendor/laravel/framework/src/Illuminate/Container/BoundMethod.php(32): call_user_func_array(Array, Array)
#19 /media/piyal/Project/workplace/Laravel auth/hilltourismfullandfinal/hilltourismbd_2.1/vendor/laravel/framework/src/Illuminate/Container/Util.php(36): Illuminate\\Container\\BoundMethod::Illuminate\\Container\\{closure}()
#20 /media/piyal/Project/workplace/Laravel auth/hilltourismfullandfinal/hilltourismbd_2.1/vendor/laravel/framework/src/Illuminate/Container/BoundMethod.php(90): Illuminate\\Container\\Util::unwrapIfClosure(Object(Closure))
#21 /media/piyal/Project/workplace/Laravel auth/hilltourismfullandfinal/hilltourismbd_2.1/vendor/laravel/framework/src/Illuminate/Container/BoundMethod.php(34): Illuminate\\Container\\BoundMethod::callBoundMethod(Object(Illuminate\\Foundation\\Application), Array, Object(Closure))
#22 /media/piyal/Project/workplace/Laravel auth/hilltourismfullandfinal/hilltourismbd_2.1/vendor/laravel/framework/src/Illuminate/Container/Container.php(590): Illuminate\\Container\\BoundMethod::call(Object(Illuminate\\Foundation\\Application), Array, Array, NULL)
#23 /media/piyal/Project/workplace/Laravel auth/hilltourismfullandfinal/hilltourismbd_2.1/vendor/laravel/framework/src/Illuminate/Console/Command.php(201): Illuminate\\Container\\Container->call(Array)
#24 /media/piyal/Project/workplace/Laravel auth/hilltourismfullandfinal/hilltourismbd_2.1/vendor/symfony/console/Command/Command.php(255): Illuminate\\Console\\Command->execute(Object(Symfony\\Component\\Console\\Input\\ArgvInput), Object(Illuminate\\Console\\OutputStyle))
#25 /media/piyal/Project/workplace/Laravel auth/hilltourismfullandfinal/hilltourismbd_2.1/vendor/laravel/framework/src/Illuminate/Console/Command.php(188): Symfony\\Component\\Console\\Command\\Command->run(Object(Symfony\\Component\\Console\\Input\\ArgvInput), Object(Illuminate\\Console\\OutputStyle))
#26 /media/piyal/Project/workplace/Laravel auth/hilltourismfullandfinal/hilltourismbd_2.1/vendor/symfony/console/Application.php(1011): Illuminate\\Console\\Command->run(Object(Symfony\\Component\\Console\\Input\\ArgvInput), Object(Symfony\\Component\\Console\\Output\\ConsoleOutput))
#27 /media/piyal/Project/workplace/Laravel auth/hilltourismfullandfinal/hilltourismbd_2.1/vendor/symfony/console/Application.php(272): Symfony\\Component\\Console\\Application->doRunCommand(Object(Illuminate\\Database\\Console\\Migrations\\MigrateCommand), Object(Symfony\\Component\\Console\\Input\\ArgvInput), Object(Symfony\\Component\\Console\\Output\\ConsoleOutput))
#28 /media/piyal/Project/workplace/Laravel auth/hilltourismfullandfinal/hilltourismbd_2.1/vendor/symfony/console/Application.php(148): Symfony\\Component\\Console\\Application->doRun(Object(Symfony\\Component\\Console\\Input\\ArgvInput), Object(Symfony\\Component\\Console\\Output\\ConsoleOutput))
#29 /media/piyal/Project/workplace/Laravel auth/hilltourismfullandfinal/hilltourismbd_2.1/vendor/laravel/framework/src/Illuminate/Console/Application.php(93): Symfony\\Component\\Console\\Application->run(Object(Symfony\\Component\\Console\\Input\\ArgvInput), Object(Symfony\\Component\\Console\\Output\\ConsoleOutput))
#30 /media/piyal/Project/workplace/Laravel auth/hilltourismfullandfinal/hilltourismbd_2.1/vendor/laravel/framework/src/Illuminate/Foundation/Console/Kernel.php(131): Illuminate\\Console\\Application->run(Object(Symfony\\Component\\Console\\Input\\ArgvInput), Object(Symfony\\Component\\Console\\Output\\ConsoleOutput))
#31 /media/piyal/Project/workplace/Laravel auth/hilltourismfullandfinal/hilltourismbd_2.1/artisan(37): Illuminate\\Foundation\\Console\\Kernel->handle(Object(Symfony\\Component\\Console\\Input\\ArgvInput), Object(Symfony\\Component\\Console\\Output\\ConsoleOutput))
#32 {main}
"} 
[2020-03-03 18:56:38] local.ERROR: could not find driver (SQL: select * from information_schema.tables where table_schema = hilltourism and table_name = migrations and table_type = 'BASE TABLE') {"exception":"[object] (Illuminate\\Database\\QueryException(code: 0): could not find driver (SQL: select * from information_schema.tables where table_schema = hilltourism and table_name = migrations and table_type = 'BASE TABLE') at /media/piyal/Project/workplace/Laravel auth/hilltourismfullandfinal/hilltourismbd_2.1/vendor/laravel/framework/src/Illuminate/Database/Connection.php:669)
[stacktrace]
#0 /media/piyal/Project/workplace/Laravel auth/hilltourismfullandfinal/hilltourismbd_2.1/vendor/laravel/framework/src/Illuminate/Database/Connection.php(629): Illuminate\\Database\\Connection->runQueryCallback('select * from i...', Array, Object(Closure))
#1 /media/piyal/Project/workplace/Laravel auth/hilltourismfullandfinal/hilltourismbd_2.1/vendor/laravel/framework/src/Illuminate/Database/Connection.php(338): Illuminate\\Database\\Connection->run('select * from i...', Array, Object(Closure))
#2 /media/piyal/Project/workplace/Laravel auth/hilltourismfullandfinal/hilltourismbd_2.1/vendor/laravel/framework/src/Illuminate/Database/Schema/MySqlBuilder.php(18): Illuminate\\Database\\Connection->select('select * from i...', Array)
#3 /media/piyal/Project/workplace/Laravel auth/hilltourismfullandfinal/hilltourismbd_2.1/vendor/laravel/framework/src/Illuminate/Database/Migrations/DatabaseMigrationRepository.php(169): Illuminate\\Database\\Schema\\MySqlBuilder->hasTable('migrations')
#4 /media/piyal/Project/workplace/Laravel auth/hilltourismfullandfinal/hilltourismbd_2.1/vendor/laravel/framework/src/Illuminate/Database/Migrations/Migrator.php(585): Illuminate\\Database\\Migrations\\DatabaseMigrationRepository->repositoryExists()
#5 /media/piyal/Project/workplace/Laravel auth/hilltourismfullandfinal/hilltourismbd_2.1/vendor/laravel/framework/src/Illuminate/Database/Console/Migrations/MigrateCommand.php(91): Illuminate\\Database\\Migrations\\Migrator->repositoryExists()
#6 /media/piyal/Project/workplace/Laravel auth/hilltourismfullandfinal/hilltourismbd_2.1/vendor/laravel/framework/src/Illuminate/Database/Console/Migrations/MigrateCommand.php(63): Illuminate\\Database\\Console\\Migrations\\MigrateCommand->prepareDatabase()
#7 [internal function]: Illuminate\\Database\\Console\\Migrations\\MigrateCommand->handle()
#8 /media/piyal/Project/workplace/Laravel auth/hilltourismfullandfinal/hilltourismbd_2.1/vendor/laravel/framework/src/Illuminate/Container/BoundMethod.php(32): call_user_func_array(Array, Array)
#9 /media/piyal/Project/workplace/Laravel auth/hilltourismfullandfinal/hilltourismbd_2.1/vendor/laravel/framework/src/Illuminate/Container/Util.php(36): Illuminate\\Container\\BoundMethod::Illuminate\\Container\\{closure}()
#10 /media/piyal/Project/workplace/Laravel auth/hilltourismfullandfinal/hilltourismbd_2.1/vendor/laravel/framework/src/Illuminate/Container/BoundMethod.php(90): Illuminate\\Container\\Util::unwrapIfClosure(Object(Closure))
#11 /media/piyal/Project/workplace/Laravel auth/hilltourismfullandfinal/hilltourismbd_2.1/vendor/laravel/framework/src/Illuminate/Container/BoundMethod.php(34): Illuminate\\Container\\BoundMethod::callBoundMethod(Object(Illuminate\\Foundation\\Application), Array, Object(Closure))
#12 /media/piyal/Project/workplace/Laravel auth/hilltourismfullandfinal/hilltourismbd_2.1/vendor/laravel/framework/src/Illuminate/Container/Container.php(590): Illuminate\\Container\\BoundMethod::call(Object(Illuminate\\Foundation\\Application), Array, Array, NULL)
#13 /media/piyal/Project/workplace/Laravel auth/hilltourismfullandfinal/hilltourismbd_2.1/vendor/laravel/framework/src/Illuminate/Console/Command.php(201): Illuminate\\Container\\Container->call(Array)
#14 /media/piyal/Project/workplace/Laravel auth/hilltourismfullandfinal/hilltourismbd_2.1/vendor/symfony/console/Command/Command.php(255): Illuminate\\Console\\Command->execute(Object(Symfony\\Component\\Console\\Input\\ArgvInput), Object(Illuminate\\Console\\OutputStyle))
#15 /media/piyal/Project/workplace/Laravel auth/hilltourismfullandfinal/hilltourismbd_2.1/vendor/laravel/framework/src/Illuminate/Console/Command.php(188): Symfony\\Component\\Console\\Command\\Command->run(Object(Symfony\\Component\\Console\\Input\\ArgvInput), Object(Illuminate\\Console\\OutputStyle))
#16 /media/piyal/Project/workplace/Laravel auth/hilltourismfullandfinal/hilltourismbd_2.1/vendor/symfony/console/Application.php(1011): Illuminate\\Console\\Command->run(Object(Symfony\\Component\\Console\\Input\\ArgvInput), Object(Symfony\\Component\\Console\\Output\\ConsoleOutput))
#17 /media/piyal/Project/workplace/Laravel auth/hilltourismfullandfinal/hilltourismbd_2.1/vendor/symfony/console/Application.php(272): Symfony\\Component\\Console\\Application->doRunCommand(Object(Illuminate\\Database\\Console\\Migrations\\MigrateCommand), Object(Symfony\\Component\\Console\\Input\\ArgvInput), Object(Symfony\\Component\\Console\\Output\\ConsoleOutput))
#18 /media/piyal/Project/workplace/Laravel auth/hilltourismfullandfinal/hilltourismbd_2.1/vendor/symfony/console/Application.php(148): Symfony\\Component\\Console\\Application->doRun(Object(Symfony\\Component\\Console\\Input\\ArgvInput), Object(Symfony\\Component\\Console\\Output\\ConsoleOutput))
#19 /media/piyal/Project/workplace/Laravel auth/hilltourismfullandfinal/hilltourismbd_2.1/vendor/laravel/framework/src/Illuminate/Console/Application.php(93): Symfony\\Component\\Console\\Application->run(Object(Symfony\\Component\\Console\\Input\\ArgvInput), Object(Symfony\\Component\\Console\\Output\\ConsoleOutput))
#20 /media/piyal/Project/workplace/Laravel auth/hilltourismfullandfinal/hilltourismbd_2.1/vendor/laravel/framework/src/Illuminate/Foundation/Console/Kernel.php(131): Illuminate\\Console\\Application->run(Object(Symfony\\Component\\Console\\Input\\ArgvInput), Object(Symfony\\Component\\Console\\Output\\ConsoleOutput))
#21 /media/piyal/Project/workplace/Laravel auth/hilltourismfullandfinal/hilltourismbd_2.1/artisan(37): Illuminate\\Foundation\\Console\\Kernel->handle(Object(Symfony\\Component\\Console\\Input\\ArgvInput), Object(Symfony\\Component\\Console\\Output\\ConsoleOutput))
#22 {main}

[previous exception] [object] (PDOException(code: 0): could not find driver at /media/piyal/Project/workplace/Laravel auth/hilltourismfullandfinal/hilltourismbd_2.1/vendor/laravel/framework/src/Illuminate/Database/Connectors/Connector.php:70)
[stacktrace]
#0 /media/piyal/Project/workplace/Laravel auth/hilltourismfullandfinal/hilltourismbd_2.1/vendor/laravel/framework/src/Illuminate/Database/Connectors/Connector.php(70): PDO->__construct('mysql:host=127....', 'root', '', Array)
#1 /media/piyal/Project/workplace/Laravel auth/hilltourismfullandfinal/hilltourismbd_2.1/vendor/laravel/framework/src/Illuminate/Database/Connectors/Connector.php(46): Illuminate\\Database\\Connectors\\Connector->createPdoConnection('mysql:host=127....', 'root', '', Array)
#2 /media/piyal/Project/workplace/Laravel auth/hilltourismfullandfinal/hilltourismbd_2.1/vendor/laravel/framework/src/Illuminate/Database/Connectors/MySqlConnector.php(24): Illuminate\\Database\\Connectors\\Connector->createConnection('mysql:host=127....', Array, Array)
#3 /media/piyal/Project/workplace/Laravel auth/hilltourismfullandfinal/hilltourismbd_2.1/vendor/laravel/framework/src/Illuminate/Database/Connectors/ConnectionFactory.php(182): Illuminate\\Database\\Connectors\\MySqlConnector->connect(Array)
#4 [internal function]: Illuminate\\Database\\Connectors\\ConnectionFactory->Illuminate\\Database\\Connectors\\{closure}()
#5 /media/piyal/Project/workplace/Laravel auth/hilltourismfullandfinal/hilltourismbd_2.1/vendor/laravel/framework/src/Illuminate/Database/Connection.php(924): call_user_func(Object(Closure))
#6 /media/piyal/Project/workplace/Laravel auth/hilltourismfullandfinal/hilltourismbd_2.1/vendor/laravel/framework/src/Illuminate/Database/Connection.php(959): Illuminate\\Database\\Connection->getPdo()
#7 /media/piyal/Project/workplace/Laravel auth/hilltourismfullandfinal/hilltourismbd_2.1/vendor/laravel/framework/src/Illuminate/Database/Connection.php(404): Illuminate\\Database\\Connection->getReadPdo()
#8 /media/piyal/Project/workplace/Laravel auth/hilltourismfullandfinal/hilltourismbd_2.1/vendor/laravel/framework/src/Illuminate/Database/Connection.php(330): Illuminate\\Database\\Connection->getPdoForSelect(true)
#9 /media/piyal/Project/workplace/Laravel auth/hilltourismfullandfinal/hilltourismbd_2.1/vendor/laravel/framework/src/Illuminate/Database/Connection.php(662): Illuminate\\Database\\Connection->Illuminate\\Database\\{closure}('select * from i...', Array)
#10 /media/piyal/Project/workplace/Laravel auth/hilltourismfullandfinal/hilltourismbd_2.1/vendor/laravel/framework/src/Illuminate/Database/Connection.php(629): Illuminate\\Database\\Connection->runQueryCallback('select * from i...', Array, Object(Closure))
#11 /media/piyal/Project/workplace/Laravel auth/hilltourismfullandfinal/hilltourismbd_2.1/vendor/laravel/framework/src/Illuminate/Database/Connection.php(338): Illuminate\\Database\\Connection->run('select * from i...', Array, Object(Closure))
#12 /media/piyal/Project/workplace/Laravel auth/hilltourismfullandfinal/hilltourismbd_2.1/vendor/laravel/framework/src/Illuminate/Database/Schema/MySqlBuilder.php(18): Illuminate\\Database\\Connection->select('select * from i...', Array)
#13 /media/piyal/Project/workplace/Laravel auth/hilltourismfullandfinal/hilltourismbd_2.1/vendor/laravel/framework/src/Illuminate/Database/Migrations/DatabaseMigrationRepository.php(169): Illuminate\\Database\\Schema\\MySqlBuilder->hasTable('migrations')
#14 /media/piyal/Project/workplace/Laravel auth/hilltourismfullandfinal/hilltourismbd_2.1/vendor/laravel/framework/src/Illuminate/Database/Migrations/Migrator.php(585): Illuminate\\Database\\Migrations\\DatabaseMigrationRepository->repositoryExists()
#15 /media/piyal/Project/workplace/Laravel auth/hilltourismfullandfinal/hilltourismbd_2.1/vendor/laravel/framework/src/Illuminate/Database/Console/Migrations/MigrateCommand.php(91): Illuminate\\Database\\Migrations\\Migrator->repositoryExists()
#16 /media/piyal/Project/workplace/Laravel auth/hilltourismfullandfinal/hilltourismbd_2.1/vendor/laravel/framework/src/Illuminate/Database/Console/Migrations/MigrateCommand.php(63): Illuminate\\Database\\Console\\Migrations\\MigrateCommand->prepareDatabase()
#17 [internal function]: Illuminate\\Database\\Console\\Migrations\\MigrateCommand->handle()
#18 /media/piyal/Project/workplace/Laravel auth/hilltourismfullandfinal/hilltourismbd_2.1/vendor/laravel/framework/src/Illuminate/Container/BoundMethod.php(32): call_user_func_array(Array, Array)
#19 /media/piyal/Project/workplace/Laravel auth/hilltourismfullandfinal/hilltourismbd_2.1/vendor/laravel/framework/src/Illuminate/Container/Util.php(36): Illuminate\\Container\\BoundMethod::Illuminate\\Container\\{closure}()
#20 /media/piyal/Project/workplace/Laravel auth/hilltourismfullandfinal/hilltourismbd_2.1/vendor/laravel/framework/src/Illuminate/Container/BoundMethod.php(90): Illuminate\\Container\\Util::unwrapIfClosure(Object(Closure))
#21 /media/piyal/Project/workplace/Laravel auth/hilltourismfullandfinal/hilltourismbd_2.1/vendor/laravel/framework/src/Illuminate/Container/BoundMethod.php(34): Illuminate\\Container\\BoundMethod::callBoundMethod(Object(Illuminate\\Foundation\\Application), Array, Object(Closure))
#22 /media/piyal/Project/workplace/Laravel auth/hilltourismfullandfinal/hilltourismbd_2.1/vendor/laravel/framework/src/Illuminate/Container/Container.php(590): Illuminate\\Container\\BoundMethod::call(Object(Illuminate\\Foundation\\Application), Array, Array, NULL)
#23 /media/piyal/Project/workplace/Laravel auth/hilltourismfullandfinal/hilltourismbd_2.1/vendor/laravel/framework/src/Illuminate/Console/Command.php(201): Illuminate\\Container\\Container->call(Array)
#24 /media/piyal/Project/workplace/Laravel auth/hilltourismfullandfinal/hilltourismbd_2.1/vendor/symfony/console/Command/Command.php(255): Illuminate\\Console\\Command->execute(Object(Symfony\\Component\\Console\\Input\\ArgvInput), Object(Illuminate\\Console\\OutputStyle))
#25 /media/piyal/Project/workplace/Laravel auth/hilltourismfullandfinal/hilltourismbd_2.1/vendor/laravel/framework/src/Illuminate/Console/Command.php(188): Symfony\\Component\\Console\\Command\\Command->run(Object(Symfony\\Component\\Console\\Input\\ArgvInput), Object(Illuminate\\Console\\OutputStyle))
#26 /media/piyal/Project/workplace/Laravel auth/hilltourismfullandfinal/hilltourismbd_2.1/vendor/symfony/console/Application.php(1011): Illuminate\\Console\\Command->run(Object(Symfony\\Component\\Console\\Input\\ArgvInput), Object(Symfony\\Component\\Console\\Output\\ConsoleOutput))
#27 /media/piyal/Project/workplace/Laravel auth/hilltourismfullandfinal/hilltourismbd_2.1/vendor/symfony/console/Application.php(272): Symfony\\Component\\Console\\Application->doRunCommand(Object(Illuminate\\Database\\Console\\Migrations\\MigrateCommand), Object(Symfony\\Component\\Console\\Input\\ArgvInput), Object(Symfony\\Component\\Console\\Output\\ConsoleOutput))
#28 /media/piyal/Project/workplace/Laravel auth/hilltourismfullandfinal/hilltourismbd_2.1/vendor/symfony/console/Application.php(148): Symfony\\Component\\Console\\Application->doRun(Object(Symfony\\Component\\Console\\Input\\ArgvInput), Object(Symfony\\Component\\Console\\Output\\ConsoleOutput))
#29 /media/piyal/Project/workplace/Laravel auth/hilltourismfullandfinal/hilltourismbd_2.1/vendor/laravel/framework/src/Illuminate/Console/Application.php(93): Symfony\\Component\\Console\\Application->run(Object(Symfony\\Component\\Console\\Input\\ArgvInput), Object(Symfony\\Component\\Console\\Output\\ConsoleOutput))
#30 /media/piyal/Project/workplace/Laravel auth/hilltourismfullandfinal/hilltourismbd_2.1/vendor/laravel/framework/src/Illuminate/Foundation/Console/Kernel.php(131): Illuminate\\Console\\Application->run(Object(Symfony\\Component\\Console\\Input\\ArgvInput), Object(Symfony\\Component\\Console\\Output\\ConsoleOutput))
#31 /media/piyal/Project/workplace/Laravel auth/hilltourismfullandfinal/hilltourismbd_2.1/artisan(37): Illuminate\\Foundation\\Console\\Kernel->handle(Object(Symfony\\Component\\Console\\Input\\ArgvInput), Object(Symfony\\Component\\Console\\Output\\ConsoleOutput))
#32 {main}
"} 
[2020-03-03 19:03:35] local.ERROR: could not find driver (SQL: select * from information_schema.tables where table_schema = hilltourism and table_name = migrations and table_type = 'BASE TABLE') {"exception":"[object] (Illuminate\\Database\\QueryException(code: 0): could not find driver (SQL: select * from information_schema.tables where table_schema = hilltourism and table_name = migrations and table_type = 'BASE TABLE') at /media/piyal/Project/workplace/Laravel auth/hilltourismfullandfinal/hilltourismbd_2.1/vendor/laravel/framework/src/Illuminate/Database/Connection.php:669)
[stacktrace]
#0 /media/piyal/Project/workplace/Laravel auth/hilltourismfullandfinal/hilltourismbd_2.1/vendor/laravel/framework/src/Illuminate/Database/Connection.php(629): Illuminate\\Database\\Connection->runQueryCallback('select * from i...', Array, Object(Closure))
#1 /media/piyal/Project/workplace/Laravel auth/hilltourismfullandfinal/hilltourismbd_2.1/vendor/laravel/framework/src/Illuminate/Database/Connection.php(338): Illuminate\\Database\\Connection->run('select * from i...', Array, Object(Closure))
#2 /media/piyal/Project/workplace/Laravel auth/hilltourismfullandfinal/hilltourismbd_2.1/vendor/laravel/framework/src/Illuminate/Database/Schema/MySqlBuilder.php(18): Illuminate\\Database\\Connection->select('select * from i...', Array)
#3 /media/piyal/Project/workplace/Laravel auth/hilltourismfullandfinal/hilltourismbd_2.1/vendor/laravel/framework/src/Illuminate/Database/Migrations/DatabaseMigrationRepository.php(169): Illuminate\\Database\\Schema\\MySqlBuilder->hasTable('migrations')
#4 /media/piyal/Project/workplace/Laravel auth/hilltourismfullandfinal/hilltourismbd_2.1/vendor/laravel/framework/src/Illuminate/Database/Migrations/Migrator.php(585): Illuminate\\Database\\Migrations\\DatabaseMigrationRepository->repositoryExists()
#5 /media/piyal/Project/workplace/Laravel auth/hilltourismfullandfinal/hilltourismbd_2.1/vendor/laravel/framework/src/Illuminate/Database/Console/Migrations/MigrateCommand.php(91): Illuminate\\Database\\Migrations\\Migrator->repositoryExists()
#6 /media/piyal/Project/workplace/Laravel auth/hilltourismfullandfinal/hilltourismbd_2.1/vendor/laravel/framework/src/Illuminate/Database/Console/Migrations/MigrateCommand.php(63): Illuminate\\Database\\Console\\Migrations\\MigrateCommand->prepareDatabase()
#7 [internal function]: Illuminate\\Database\\Console\\Migrations\\MigrateCommand->handle()
#8 /media/piyal/Project/workplace/Laravel auth/hilltourismfullandfinal/hilltourismbd_2.1/vendor/laravel/framework/src/Illuminate/Container/BoundMethod.php(32): call_user_func_array(Array, Array)
#9 /media/piyal/Project/workplace/Laravel auth/hilltourismfullandfinal/hilltourismbd_2.1/vendor/laravel/framework/src/Illuminate/Container/Util.php(36): Illuminate\\Container\\BoundMethod::Illuminate\\Container\\{closure}()
#10 /media/piyal/Project/workplace/Laravel auth/hilltourismfullandfinal/hilltourismbd_2.1/vendor/laravel/framework/src/Illuminate/Container/BoundMethod.php(90): Illuminate\\Container\\Util::unwrapIfClosure(Object(Closure))
#11 /media/piyal/Project/workplace/Laravel auth/hilltourismfullandfinal/hilltourismbd_2.1/vendor/laravel/framework/src/Illuminate/Container/BoundMethod.php(34): Illuminate\\Container\\BoundMethod::callBoundMethod(Object(Illuminate\\Foundation\\Application), Array, Object(Closure))
#12 /media/piyal/Project/workplace/Laravel auth/hilltourismfullandfinal/hilltourismbd_2.1/vendor/laravel/framework/src/Illuminate/Container/Container.php(590): Illuminate\\Container\\BoundMethod::call(Object(Illuminate\\Foundation\\Application), Array, Array, NULL)
#13 /media/piyal/Project/workplace/Laravel auth/hilltourismfullandfinal/hilltourismbd_2.1/vendor/laravel/framework/src/Illuminate/Console/Command.php(201): Illuminate\\Container\\Container->call(Array)
#14 /media/piyal/Project/workplace/Laravel auth/hilltourismfullandfinal/hilltourismbd_2.1/vendor/symfony/console/Command/Command.php(255): Illuminate\\Console\\Command->execute(Object(Symfony\\Component\\Console\\Input\\ArgvInput), Object(Illuminate\\Console\\OutputStyle))
#15 /media/piyal/Project/workplace/Laravel auth/hilltourismfullandfinal/hilltourismbd_2.1/vendor/laravel/framework/src/Illuminate/Console/Command.php(188): Symfony\\Component\\Console\\Command\\Command->run(Object(Symfony\\Component\\Console\\Input\\ArgvInput), Object(Illuminate\\Console\\OutputStyle))
#16 /media/piyal/Project/workplace/Laravel auth/hilltourismfullandfinal/hilltourismbd_2.1/vendor/symfony/console/Application.php(1011): Illuminate\\Console\\Command->run(Object(Symfony\\Component\\Console\\Input\\ArgvInput), Object(Symfony\\Component\\Console\\Output\\ConsoleOutput))
#17 /media/piyal/Project/workplace/Laravel auth/hilltourismfullandfinal/hilltourismbd_2.1/vendor/symfony/console/Application.php(272): Symfony\\Component\\Console\\Application->doRunCommand(Object(Illuminate\\Database\\Console\\Migrations\\MigrateCommand), Object(Symfony\\Component\\Console\\Input\\ArgvInput), Object(Symfony\\Component\\Console\\Output\\ConsoleOutput))
#18 /media/piyal/Project/workplace/Laravel auth/hilltourismfullandfinal/hilltourismbd_2.1/vendor/symfony/console/Application.php(148): Symfony\\Component\\Console\\Application->doRun(Object(Symfony\\Component\\Console\\Input\\ArgvInput), Object(Symfony\\Component\\Console\\Output\\ConsoleOutput))
#19 /media/piyal/Project/workplace/Laravel auth/hilltourismfullandfinal/hilltourismbd_2.1/vendor/laravel/framework/src/Illuminate/Console/Application.php(93): Symfony\\Component\\Console\\Application->run(Object(Symfony\\Component\\Console\\Input\\ArgvInput), Object(Symfony\\Component\\Console\\Output\\ConsoleOutput))
#20 /media/piyal/Project/workplace/Laravel auth/hilltourismfullandfinal/hilltourismbd_2.1/vendor/laravel/framework/src/Illuminate/Foundation/Console/Kernel.php(131): Illuminate\\Console\\Application->run(Object(Symfony\\Component\\Console\\Input\\ArgvInput), Object(Symfony\\Component\\Console\\Output\\ConsoleOutput))
#21 /media/piyal/Project/workplace/Laravel auth/hilltourismfullandfinal/hilltourismbd_2.1/artisan(37): Illuminate\\Foundation\\Console\\Kernel->handle(Object(Symfony\\Component\\Console\\Input\\ArgvInput), Object(Symfony\\Component\\Console\\Output\\ConsoleOutput))
#22 {main}

[previous exception] [object] (PDOException(code: 0): could not find driver at /media/piyal/Project/workplace/Laravel auth/hilltourismfullandfinal/hilltourismbd_2.1/vendor/laravel/framework/src/Illuminate/Database/Connectors/Connector.php:70)
[stacktrace]
#0 /media/piyal/Project/workplace/Laravel auth/hilltourismfullandfinal/hilltourismbd_2.1/vendor/laravel/framework/src/Illuminate/Database/Connectors/Connector.php(70): PDO->__construct('mysql:host=127....', 'root', '', Array)
#1 /media/piyal/Project/workplace/Laravel auth/hilltourismfullandfinal/hilltourismbd_2.1/vendor/laravel/framework/src/Illuminate/Database/Connectors/Connector.php(46): Illuminate\\Database\\Connectors\\Connector->createPdoConnection('mysql:host=127....', 'root', '', Array)
#2 /media/piyal/Project/workplace/Laravel auth/hilltourismfullandfinal/hilltourismbd_2.1/vendor/laravel/framework/src/Illuminate/Database/Connectors/MySqlConnector.php(24): Illuminate\\Database\\Connectors\\Connector->createConnection('mysql:host=127....', Array, Array)
#3 /media/piyal/Project/workplace/Laravel auth/hilltourismfullandfinal/hilltourismbd_2.1/vendor/laravel/framework/src/Illuminate/Database/Connectors/ConnectionFactory.php(182): Illuminate\\Database\\Connectors\\MySqlConnector->connect(Array)
#4 [internal function]: Illuminate\\Database\\Connectors\\ConnectionFactory->Illuminate\\Database\\Connectors\\{closure}()
#5 /media/piyal/Project/workplace/Laravel auth/hilltourismfullandfinal/hilltourismbd_2.1/vendor/laravel/framework/src/Illuminate/Database/Connection.php(924): call_user_func(Object(Closure))
#6 /media/piyal/Project/workplace/Laravel auth/hilltourismfullandfinal/hilltourismbd_2.1/vendor/laravel/framework/src/Illuminate/Database/Connection.php(959): Illuminate\\Database\\Connection->getPdo()
#7 /media/piyal/Project/workplace/Laravel auth/hilltourismfullandfinal/hilltourismbd_2.1/vendor/laravel/framework/src/Illuminate/Database/Connection.php(404): Illuminate\\Database\\Connection->getReadPdo()
#8 /media/piyal/Project/workplace/Laravel auth/hilltourismfullandfinal/hilltourismbd_2.1/vendor/laravel/framework/src/Illuminate/Database/Connection.php(330): Illuminate\\Database\\Connection->getPdoForSelect(true)
#9 /media/piyal/Project/workplace/Laravel auth/hilltourismfullandfinal/hilltourismbd_2.1/vendor/laravel/framework/src/Illuminate/Database/Connection.php(662): Illuminate\\Database\\Connection->Illuminate\\Database\\{closure}('select * from i...', Array)
#10 /media/piyal/Project/workplace/Laravel auth/hilltourismfullandfinal/hilltourismbd_2.1/vendor/laravel/framework/src/Illuminate/Database/Connection.php(629): Illuminate\\Database\\Connection->runQueryCallback('select * from i...', Array, Object(Closure))
#11 /media/piyal/Project/workplace/Laravel auth/hilltourismfullandfinal/hilltourismbd_2.1/vendor/laravel/framework/src/Illuminate/Database/Connection.php(338): Illuminate\\Database\\Connection->run('select * from i...', Array, Object(Closure))
#12 /media/piyal/Project/workplace/Laravel auth/hilltourismfullandfinal/hilltourismbd_2.1/vendor/laravel/framework/src/Illuminate/Database/Schema/MySqlBuilder.php(18): Illuminate\\Database\\Connection->select('select * from i...', Array)
#13 /media/piyal/Project/workplace/Laravel auth/hilltourismfullandfinal/hilltourismbd_2.1/vendor/laravel/framework/src/Illuminate/Database/Migrations/DatabaseMigrationRepository.php(169): Illuminate\\Database\\Schema\\MySqlBuilder->hasTable('migrations')
#14 /media/piyal/Project/workplace/Laravel auth/hilltourismfullandfinal/hilltourismbd_2.1/vendor/laravel/framework/src/Illuminate/Database/Migrations/Migrator.php(585): Illuminate\\Database\\Migrations\\DatabaseMigrationRepository->repositoryExists()
#15 /media/piyal/Project/workplace/Laravel auth/hilltourismfullandfinal/hilltourismbd_2.1/vendor/laravel/framework/src/Illuminate/Database/Console/Migrations/MigrateCommand.php(91): Illuminate\\Database\\Migrations\\Migrator->repositoryExists()
#16 /media/piyal/Project/workplace/Laravel auth/hilltourismfullandfinal/hilltourismbd_2.1/vendor/laravel/framework/src/Illuminate/Database/Console/Migrations/MigrateCommand.php(63): Illuminate\\Database\\Console\\Migrations\\MigrateCommand->prepareDatabase()
#17 [internal function]: Illuminate\\Database\\Console\\Migrations\\MigrateCommand->handle()
#18 /media/piyal/Project/workplace/Laravel auth/hilltourismfullandfinal/hilltourismbd_2.1/vendor/laravel/framework/src/Illuminate/Container/BoundMethod.php(32): call_user_func_array(Array, Array)
#19 /media/piyal/Project/workplace/Laravel auth/hilltourismfullandfinal/hilltourismbd_2.1/vendor/laravel/framework/src/Illuminate/Container/Util.php(36): Illuminate\\Container\\BoundMethod::Illuminate\\Container\\{closure}()
#20 /media/piyal/Project/workplace/Laravel auth/hilltourismfullandfinal/hilltourismbd_2.1/vendor/laravel/framework/src/Illuminate/Container/BoundMethod.php(90): Illuminate\\Container\\Util::unwrapIfClosure(Object(Closure))
#21 /media/piyal/Project/workplace/Laravel auth/hilltourismfullandfinal/hilltourismbd_2.1/vendor/laravel/framework/src/Illuminate/Container/BoundMethod.php(34): Illuminate\\Container\\BoundMethod::callBoundMethod(Object(Illuminate\\Foundation\\Application), Array, Object(Closure))
#22 /media/piyal/Project/workplace/Laravel auth/hilltourismfullandfinal/hilltourismbd_2.1/vendor/laravel/framework/src/Illuminate/Container/Container.php(590): Illuminate\\Container\\BoundMethod::call(Object(Illuminate\\Foundation\\Application), Array, Array, NULL)
#23 /media/piyal/Project/workplace/Laravel auth/hilltourismfullandfinal/hilltourismbd_2.1/vendor/laravel/framework/src/Illuminate/Console/Command.php(201): Illuminate\\Container\\Container->call(Array)
#24 /media/piyal/Project/workplace/Laravel auth/hilltourismfullandfinal/hilltourismbd_2.1/vendor/symfony/console/Command/Command.php(255): Illuminate\\Console\\Command->execute(Object(Symfony\\Component\\Console\\Input\\ArgvInput), Object(Illuminate\\Console\\OutputStyle))
#25 /media/piyal/Project/workplace/Laravel auth/hilltourismfullandfinal/hilltourismbd_2.1/vendor/laravel/framework/src/Illuminate/Console/Command.php(188): Symfony\\Component\\Console\\Command\\Command->run(Object(Symfony\\Component\\Console\\Input\\ArgvInput), Object(Illuminate\\Console\\OutputStyle))
#26 /media/piyal/Project/workplace/Laravel auth/hilltourismfullandfinal/hilltourismbd_2.1/vendor/symfony/console/Application.php(1011): Illuminate\\Console\\Command->run(Object(Symfony\\Component\\Console\\Input\\ArgvInput), Object(Symfony\\Component\\Console\\Output\\ConsoleOutput))
#27 /media/piyal/Project/workplace/Laravel auth/hilltourismfullandfinal/hilltourismbd_2.1/vendor/symfony/console/Application.php(272): Symfony\\Component\\Console\\Application->doRunCommand(Object(Illuminate\\Database\\Console\\Migrations\\MigrateCommand), Object(Symfony\\Component\\Console\\Input\\ArgvInput), Object(Symfony\\Component\\Console\\Output\\ConsoleOutput))
#28 /media/piyal/Project/workplace/Laravel auth/hilltourismfullandfinal/hilltourismbd_2.1/vendor/symfony/console/Application.php(148): Symfony\\Component\\Console\\Application->doRun(Object(Symfony\\Component\\Console\\Input\\ArgvInput), Object(Symfony\\Component\\Console\\Output\\ConsoleOutput))
#29 /media/piyal/Project/workplace/Laravel auth/hilltourismfullandfinal/hilltourismbd_2.1/vendor/laravel/framework/src/Illuminate/Console/Application.php(93): Symfony\\Component\\Console\\Application->run(Object(Symfony\\Component\\Console\\Input\\ArgvInput), Object(Symfony\\Component\\Console\\Output\\ConsoleOutput))
#30 /media/piyal/Project/workplace/Laravel auth/hilltourismfullandfinal/hilltourismbd_2.1/vendor/laravel/framework/src/Illuminate/Foundation/Console/Kernel.php(131): Illuminate\\Console\\Application->run(Object(Symfony\\Component\\Console\\Input\\ArgvInput), Object(Symfony\\Component\\Console\\Output\\ConsoleOutput))
#31 /media/piyal/Project/workplace/Laravel auth/hilltourismfullandfinal/hilltourismbd_2.1/artisan(37): Illuminate\\Foundation\\Console\\Kernel->handle(Object(Symfony\\Component\\Console\\Input\\ArgvInput), Object(Symfony\\Component\\Console\\Output\\ConsoleOutput))
#32 {main}
"} 
